# JRE version: OpenJDK Runtime Environment (8.0_152-b01) (build 1.8.0_152-release-1248-b01)
# Java VM: OpenJDK 64-Bit Server VM (25.152-b01 mixed mode windows-amd64 compressed oops)
Heap:
 PSYoungGen      total 89088K, used 10578K [0x00000000e0000000, 0x00000000e8300000, 0x0000000100000000)
  eden space 79872K, 13% used [0x00000000e0000000,0x00000000e0a549e8,0x00000000e4e00000)
  from space 9216K, 0% used [0x00000000e4e00000,0x00000000e4e00000,0x00000000e5700000)
  to   space 11264K, 0% used [0x00000000e7800000,0x00000000e7800000,0x00000000e8300000)
 ParOldGen       total 70656K, used 16701K [0x00000000a0000000, 0x00000000a4500000, 0x00000000e0000000)
  object space 70656K, 23% used [0x00000000a0000000,0x00000000a104f598,0x00000000a4500000)
 Metaspace       used 36486K, capacity 37116K, committed 37632K, reserved 1081344K
  class space    used 4862K, capacity 5095K, committed 5120K, reserved 1048576K
GC Heap History (10 events):
Event: 5.433 GC heap before
{Heap before GC invocations=7 (full 1):
 PSYoungGen      total 57856K, used 5157K [0x00000000e0000000, 0x00000000e4100000, 0x0000000100000000)
  eden space 49152K, 0% used [0x00000000e0000000,0x00000000e0000000,0x00000000e3000000)
  from space 8704K, 59% used [0x00000000e3880000,0x00000000e3d89740,0x00000000e4100000)
  to   space 8704K, 0% used [0x00000000e3000000,0x00000000e3000000,0x00000000e3880000)
 ParOldGen       total 64512K, used 9895K [0x00000000a0000000, 0x00000000a3f00000, 0x00000000e0000000)
  object space 64512K, 15% used [0x00000000a0000000,0x00000000a09a9eb8,0x00000000a3f00000)
 Metaspace       used 20604K, capacity 20988K, committed 21248K, reserved 1067008K
  class space    used 2821K, capacity 2959K, committed 3072K, reserved 1048576K
Event: 5.478 GC heap after
Heap after GC invocations=7 (full 1):
 PSYoungGen      total 57856K, used 0K [0x00000000e0000000, 0x00000000e4100000, 0x0000000100000000)
  eden space 49152K, 0% used [0x00000000e0000000,0x00000000e0000000,0x00000000e3000000)
  from space 8704K, 0% used [0x00000000e3880000,0x00000000e3880000,0x00000000e4100000)
  to   space 8704K, 0% used [0x00000000e3000000,0x00000000e3000000,0x00000000e3880000)
 ParOldGen       total 45056K, used 6831K [0x00000000a0000000, 0x00000000a2c00000, 0x00000000e0000000)
  object space 45056K, 15% used [0x00000000a0000000,0x00000000a06abce0,0x00000000a2c00000)
 Metaspace       used 20604K, capacity 20988K, committed 21248K, reserved 1067008K
  class space    used 2821K, capacity 2959K, committed 3072K, reserved 1048576K
}
Event: 6.875 GC heap before
{Heap before GC invocations=8 (full 1):
 PSYoungGen      total 57856K, used 49152K [0x00000000e0000000, 0x00000000e4100000, 0x0000000100000000)
  eden space 49152K, 100% used [0x00000000e0000000,0x00000000e3000000,0x00000000e3000000)
  from space 8704K, 0% used [0x00000000e3880000,0x00000000e3880000,0x00000000e4100000)
  to   space 8704K, 0% used [0x00000000e3000000,0x00000000e3000000,0x00000000e3880000)
 ParOldGen       total 45056K, used 6831K [0x00000000a0000000, 0x00000000a2c00000, 0x00000000e0000000)
  object space 45056K, 15% used [0x00000000a0000000,0x00000000a06abce0,0x00000000a2c00000)
 Metaspace       used 26612K, capacity 27056K, committed 27264K, reserved 1073152K
  class space    used 3536K, capacity 3652K, committed 3712K, reserved 1048576K
Event: 6.885 GC heap after
Heap after GC invocations=8 (full 1):
 PSYoungGen      total 57856K, used 6640K [0x00000000e0000000, 0x00000000e5f80000, 0x0000000100000000)
  eden space 49152K, 0% used [0x00000000e0000000,0x00000000e0000000,0x00000000e3000000)
  from space 8704K, 76% used [0x00000000e3000000,0x00000000e367c080,0x00000000e3880000)
  to   space 8704K, 0% used [0x00000000e5700000,0x00000000e5700000,0x00000000e5f80000)
 ParOldGen       total 45056K, used 6839K [0x00000000a0000000, 0x00000000a2c00000, 0x00000000e0000000)
  object space 45056K, 15% used [0x00000000a0000000,0x00000000a06adce0,0x00000000a2c00000)
 Metaspace       used 26612K, capacity 27056K, committed 27264K, reserved 1073152K
  class space    used 3536K, capacity 3652K, committed 3712K, reserved 1048576K
}
Event: 7.900 GC heap before
{Heap before GC invocations=9 (full 1):
 PSYoungGen      total 57856K, used 55792K [0x00000000e0000000, 0x00000000e5f80000, 0x0000000100000000)
  eden space 49152K, 100% used [0x00000000e0000000,0x00000000e3000000,0x00000000e3000000)
  from space 8704K, 76% used [0x00000000e3000000,0x00000000e367c080,0x00000000e3880000)
  to   space 8704K, 0% used [0x00000000e5700000,0x00000000e5700000,0x00000000e5f80000)
 ParOldGen       total 45056K, used 6839K [0x00000000a0000000, 0x00000000a2c00000, 0x00000000e0000000)
  object space 45056K, 15% used [0x00000000a0000000,0x00000000a06adce0,0x00000000a2c00000)
 Metaspace       used 29786K, capacity 30350K, committed 30592K, reserved 1075200K
  class space    used 4022K, capacity 4192K, committed 4224K, reserved 1048576K
Event: 7.926 GC heap after
Heap after GC invocations=9 (full 1):
 PSYoungGen      total 88576K, used 8124K [0x00000000e0000000, 0x00000000e6280000, 0x0000000100000000)
  eden space 79872K, 0% used [0x00000000e0000000,0x00000000e0000000,0x00000000e4e00000)
  from space 8704K, 93% used [0x00000000e5700000,0x00000000e5eef390,0x00000000e5f80000)
  to   space 9216K, 0% used [0x00000000e4e00000,0x00000000e4e00000,0x00000000e5700000)
 ParOldGen       total 45056K, used 6847K [0x00000000a0000000, 0x00000000a2c00000, 0x00000000e0000000)
  object space 45056K, 15% used [0x00000000a0000000,0x00000000a06afce0,0x00000000a2c00000)
 Metaspace       used 29786K, capacity 30350K, committed 30592K, reserved 1075200K
  class space    used 4022K, capacity 4192K, committed 4224K, reserved 1048576K
}
Event: 9.097 GC heap before
{Heap before GC invocations=10 (full 1):
 PSYoungGen      total 88576K, used 55543K [0x00000000e0000000, 0x00000000e6280000, 0x0000000100000000)
  eden space 79872K, 59% used [0x00000000e0000000,0x00000000e2e4eab0,0x00000000e4e00000)
  from space 8704K, 93% used [0x00000000e5700000,0x00000000e5eef390,0x00000000e5f80000)
  to   space 9216K, 0% used [0x00000000e4e00000,0x00000000e4e00000,0x00000000e5700000)
 ParOldGen       total 45056K, used 6847K [0x00000000a0000000, 0x00000000a2c00000, 0x00000000e0000000)
  object space 45056K, 15% used [0x00000000a0000000,0x00000000a06afce0,0x00000000a2c00000)
 Metaspace       used 34658K, capacity 35210K, committed 35416K, reserved 1079296K
  class space    used 4667K, capacity 4846K, committed 4864K, reserved 1048576K
Event: 9.112 GC heap after
Heap after GC invocations=10 (full 1):
 PSYoungGen      total 89088K, used 9207K [0x00000000e0000000, 0x00000000e8300000, 0x0000000100000000)
  eden space 79872K, 0% used [0x00000000e0000000,0x00000000e0000000,0x00000000e4e00000)
  from space 9216K, 99% used [0x00000000e4e00000,0x00000000e56fdc80,0x00000000e5700000)
  to   space 11264K, 0% used [0x00000000e7800000,0x00000000e7800000,0x00000000e8300000)
 ParOldGen       total 45056K, used 8878K [0x00000000a0000000, 0x00000000a2c00000, 0x00000000e0000000)
  object space 45056K, 19% used [0x00000000a0000000,0x00000000a08aba68,0x00000000a2c00000)
 Metaspace       used 34658K, capacity 35210K, committed 35416K, reserved 1079296K
  class space    used 4667K, capacity 4846K, committed 4864K, reserved 1048576K
}
Event: 9.112 GC heap before
{Heap before GC invocations=11 (full 2):
 PSYoungGen      total 89088K, used 9207K [0x00000000e0000000, 0x00000000e8300000, 0x0000000100000000)
  eden space 79872K, 0% used [0x00000000e0000000,0x00000000e0000000,0x00000000e4e00000)
  from space 9216K, 99% used [0x00000000e4e00000,0x00000000e56fdc80,0x00000000e5700000)
  to   space 11264K, 0% used [0x00000000e7800000,0x00000000e7800000,0x00000000e8300000)
 ParOldGen       total 45056K, used 8878K [0x00000000a0000000, 0x00000000a2c00000, 0x00000000e0000000)
  object space 45056K, 19% used [0x00000000a0000000,0x00000000a08aba68,0x00000000a2c00000)
 Metaspace       used 34658K, capacity 35210K, committed 35416K, reserved 1079296K
  class space    used 4667K, capacity 4846K, committed 4864K, reserved 1048576K
Event: 9.181 GC heap after
Heap after GC invocations=11 (full 2):
 PSYoungGen      total 89088K, used 0K [0x00000000e0000000, 0x00000000e8300000, 0x0000000100000000)
  eden space 79872K, 0% used [0x00000000e0000000,0x00000000e0000000,0x00000000e4e00000)
  from space 9216K, 0% used [0x00000000e4e00000,0x00000000e4e00000,0x00000000e5700000)
  to   space 11264K, 0% used [0x00000000e7800000,0x00000000e7800000,0x00000000e8300000)
 ParOldGen       total 70656K, used 16701K [0x00000000a0000000, 0x00000000a4500000, 0x00000000e0000000)
  object space 70656K, 23% used [0x00000000a0000000,0x00000000a104f598,0x00000000a4500000)
 Metaspace       used 34613K, capacity 35098K, committed 35416K, reserved 1079296K
  class space    used 4653K, capacity 4830K, committed 4864K, reserved 1048576K
}

