# JRE version: OpenJDK Runtime Environment (8.0_152-b06) (build 1.8.0_152-release-1136-b06)
# Java VM: OpenJDK 64-Bit Server VM (25.152-b06 mixed mode windows-amd64 compressed oops)
Heap:
 PSYoungGen      total 193024K, used 35347K [0x00000000e0000000, 0x00000000f0780000, 0x0000000100000000)
  eden space 166912K, 5% used [0x00000000e0000000,0x00000000e0908c88,0x00000000ea300000)
  from space 26112K, 99% used [0x00000000ec980000,0x00000000ee2fc1b0,0x00000000ee300000)
  to   space 39424K, 0% used [0x00000000ea300000,0x00000000ea300000,0x00000000ec980000)
 ParOldGen       total 119808K, used 62813K [0x00000000a0000000, 0x00000000a7500000, 0x00000000e0000000)
  object space 119808K, 52% used [0x00000000a0000000,0x00000000a3d57710,0x00000000a7500000)
 Metaspace       used 77419K, capacity 79874K, committed 80088K, reserved 1118208K
  class space    used 9875K, capacity 10424K, committed 10496K, reserved 1048576K
GC Heap History (10 events):
Event: 30.193 GC heap before
{Heap before GC invocations=17 (full 3):
 PSYoungGen      total 152576K, used 4800K [0x00000000e0000000, 0x00000000ea980000, 0x0000000100000000)
  eden space 136704K, 0% used [0x00000000e0000000,0x00000000e0000000,0x00000000e8580000)
  from space 15872K, 30% used [0x00000000e9a00000,0x00000000e9eb00b0,0x00000000ea980000)
  to   space 18432K, 0% used [0x00000000e8580000,0x00000000e8580000,0x00000000e9780000)
 ParOldGen       total 76800K, used 40486K [0x00000000a0000000, 0x00000000a4b00000, 0x00000000e0000000)
  object space 76800K, 52% used [0x00000000a0000000,0x00000000a2789bb8,0x00000000a4b00000)
 Metaspace       used 57254K, capacity 58816K, committed 59028K, reserved 1099776K
  class space    used 7703K, capacity 8091K, committed 8192K, reserved 1048576K
Event: 30.455 GC heap after
Heap after GC invocations=17 (full 3):
 PSYoungGen      total 152576K, used 0K [0x00000000e0000000, 0x00000000ea980000, 0x0000000100000000)
  eden space 136704K, 0% used [0x00000000e0000000,0x00000000e0000000,0x00000000e8580000)
  from space 15872K, 0% used [0x00000000e9a00000,0x00000000e9a00000,0x00000000ea980000)
  to   space 18432K, 0% used [0x00000000e8580000,0x00000000e8580000,0x00000000e9780000)
 ParOldGen       total 119808K, used 33174K [0x00000000a0000000, 0x00000000a7500000, 0x00000000e0000000)
  object space 119808K, 27% used [0x00000000a0000000,0x00000000a2065908,0x00000000a7500000)
 Metaspace       used 57254K, capacity 58816K, committed 59028K, reserved 1099776K
  class space    used 7703K, capacity 8091K, committed 8192K, reserved 1048576K
}
Event: 44.607 GC heap before
{Heap before GC invocations=18 (full 3):
 PSYoungGen      total 152576K, used 136704K [0x00000000e0000000, 0x00000000ea980000, 0x0000000100000000)
  eden space 136704K, 100% used [0x00000000e0000000,0x00000000e8580000,0x00000000e8580000)
  from space 15872K, 0% used [0x00000000e9a00000,0x00000000e9a00000,0x00000000ea980000)
  to   space 18432K, 0% used [0x00000000e8580000,0x00000000e8580000,0x00000000e9780000)
 ParOldGen       total 119808K, used 33174K [0x00000000a0000000, 0x00000000a7500000, 0x00000000e0000000)
  object space 119808K, 27% used [0x00000000a0000000,0x00000000a2065908,0x00000000a7500000)
 Metaspace       used 61671K, capacity 63286K, committed 63448K, reserved 1103872K
  class space    used 8055K, capacity 8432K, committed 8448K, reserved 1048576K
Event: 44.623 GC heap after
Heap after GC invocations=18 (full 3):
 PSYoungGen      total 155136K, used 13673K [0x00000000e0000000, 0x00000000ec400000, 0x0000000100000000)
  eden space 136704K, 0% used [0x00000000e0000000,0x00000000e0000000,0x00000000e8580000)
  from space 18432K, 74% used [0x00000000e8580000,0x00000000e92da5d0,0x00000000e9780000)
  to   space 19456K, 0% used [0x00000000eb100000,0x00000000eb100000,0x00000000ec400000)
 ParOldGen       total 119808K, used 33182K [0x00000000a0000000, 0x00000000a7500000, 0x00000000e0000000)
  object space 119808K, 27% used [0x00000000a0000000,0x00000000a2067908,0x00000000a7500000)
 Metaspace       used 61671K, capacity 63286K, committed 63448K, reserved 1103872K
  class space    used 8055K, capacity 8432K, committed 8448K, reserved 1048576K
}
Event: 52.730 GC heap before
{Heap before GC invocations=19 (full 3):
 PSYoungGen      total 155136K, used 150377K [0x00000000e0000000, 0x00000000ec400000, 0x0000000100000000)
  eden space 136704K, 100% used [0x00000000e0000000,0x00000000e8580000,0x00000000e8580000)
  from space 18432K, 74% used [0x00000000e8580000,0x00000000e92da5d0,0x00000000e9780000)
  to   space 19456K, 0% used [0x00000000eb100000,0x00000000eb100000,0x00000000ec400000)
 ParOldGen       total 119808K, used 33182K [0x00000000a0000000, 0x00000000a7500000, 0x00000000e0000000)
  object space 119808K, 27% used [0x00000000a0000000,0x00000000a2067908,0x00000000a7500000)
 Metaspace       used 65907K, capacity 67610K, committed 67928K, reserved 1107968K
  class space    used 8574K, capacity 9018K, committed 9088K, reserved 1048576K
Event: 52.778 GC heap after
Heap after GC invocations=19 (full 3):
 PSYoungGen      total 179200K, used 17901K [0x00000000e0000000, 0x00000000ec780000, 0x0000000100000000)
  eden space 159744K, 0% used [0x00000000e0000000,0x00000000e0000000,0x00000000e9c00000)
  from space 19456K, 92% used [0x00000000eb100000,0x00000000ec27b730,0x00000000ec400000)
  to   space 21504K, 0% used [0x00000000e9c00000,0x00000000e9c00000,0x00000000eb100000)
 ParOldGen       total 119808K, used 33190K [0x00000000a0000000, 0x00000000a7500000, 0x00000000e0000000)
  object space 119808K, 27% used [0x00000000a0000000,0x00000000a2069908,0x00000000a7500000)
 Metaspace       used 65907K, capacity 67610K, committed 67928K, reserved 1107968K
  class space    used 8574K, capacity 9018K, committed 9088K, reserved 1048576K
}
Event: 59.127 GC heap before
{Heap before GC invocations=20 (full 3):
 PSYoungGen      total 179200K, used 177645K [0x00000000e0000000, 0x00000000ec780000, 0x0000000100000000)
  eden space 159744K, 100% used [0x00000000e0000000,0x00000000e9c00000,0x00000000e9c00000)
  from space 19456K, 92% used [0x00000000eb100000,0x00000000ec27b730,0x00000000ec400000)
  to   space 21504K, 0% used [0x00000000e9c00000,0x00000000e9c00000,0x00000000eb100000)
 ParOldGen       total 119808K, used 33190K [0x00000000a0000000, 0x00000000a7500000, 0x00000000e0000000)
  object space 119808K, 27% used [0x00000000a0000000,0x00000000a2069908,0x00000000a7500000)
 Metaspace       used 76266K, capacity 78668K, committed 78936K, reserved 1118208K
  class space    used 9747K, capacity 10301K, committed 10368K, reserved 1048576K
Event: 59.184 GC heap after
Heap after GC invocations=20 (full 3):
 PSYoungGen      total 181248K, used 21482K [0x00000000e0000000, 0x00000000ee300000, 0x0000000100000000)
  eden space 159744K, 0% used [0x00000000e0000000,0x00000000e0000000,0x00000000e9c00000)
  from space 21504K, 99% used [0x00000000e9c00000,0x00000000eb0fa9f0,0x00000000eb100000)
  to   space 26112K, 0% used [0x00000000ec980000,0x00000000ec980000,0x00000000ee300000)
 ParOldGen       total 119808K, used 37230K [0x00000000a0000000, 0x00000000a7500000, 0x00000000e0000000)
  object space 119808K, 31% used [0x00000000a0000000,0x00000000a245ba70,0x00000000a7500000)
 Metaspace       used 76266K, capacity 78668K, committed 78936K, reserved 1118208K
  class space    used 9747K, capacity 10301K, committed 10368K, reserved 1048576K
}
Event: 61.866 GC heap before
{Heap before GC invocations=21 (full 3):
 PSYoungGen      total 181248K, used 181226K [0x00000000e0000000, 0x00000000ee300000, 0x0000000100000000)
  eden space 159744K, 100% used [0x00000000e0000000,0x00000000e9c00000,0x00000000e9c00000)
  from space 21504K, 99% used [0x00000000e9c00000,0x00000000eb0fa9f0,0x00000000eb100000)
  to   space 26112K, 0% used [0x00000000ec980000,0x00000000ec980000,0x00000000ee300000)
 ParOldGen       total 119808K, used 37230K [0x00000000a0000000, 0x00000000a7500000, 0x00000000e0000000)
  object space 119808K, 31% used [0x00000000a0000000,0x00000000a245ba70,0x00000000a7500000)
 Metaspace       used 77368K, capacity 79874K, committed 80088K, reserved 1118208K
  class space    used 9875K, capacity 10424K, committed 10496K, reserved 1048576K
Event: 61.967 GC heap after
Heap after GC invocations=21 (full 3):
 PSYoungGen      total 193024K, used 26096K [0x00000000e0000000, 0x00000000f0780000, 0x0000000100000000)
  eden space 166912K, 0% used [0x00000000e0000000,0x00000000e0000000,0x00000000ea300000)
  from space 26112K, 99% used [0x00000000ec980000,0x00000000ee2fc1b0,0x00000000ee300000)
  to   space 39424K, 0% used [0x00000000ea300000,0x00000000ea300000,0x00000000ec980000)
 ParOldGen       total 119808K, used 62813K [0x00000000a0000000, 0x00000000a7500000, 0x00000000e0000000)
  object space 119808K, 52% used [0x00000000a0000000,0x00000000a3d57710,0x00000000a7500000)
 Metaspace       used 77368K, capacity 79874K, committed 80088K, reserved 1118208K
  class space    used 9875K, capacity 10424K, committed 10496K, reserved 1048576K
}

