# JRE version: OpenJDK Runtime Environment (8.0_152-b06) (build 1.8.0_152-release-1136-b06)
# Java VM: OpenJDK 64-Bit Server VM (25.152-b06 mixed mode windows-amd64 compressed oops)
Heap:
 PSYoungGen      total 288256K, used 113344K [0x00000000e0000000, 0x00000000f7800000, 0x0000000100000000)
  eden space 270336K, 35% used [0x00000000e0000000,0x00000000e5d369c0,0x00000000f0800000)
  from space 17920K, 99% used [0x00000000f0800000,0x00000000f1979910,0x00000000f1980000)
  to   space 24576K, 0% used [0x00000000f6000000,0x00000000f6000000,0x00000000f7800000)
 ParOldGen       total 105984K, used 54297K [0x00000000a0000000, 0x00000000a6780000, 0x00000000e0000000)
  object space 105984K, 51% used [0x00000000a0000000,0x00000000a35065b0,0x00000000a6780000)
 Metaspace       used 78104K, capacity 80708K, committed 80856K, reserved 1120256K
  class space    used 9931K, capacity 10493K, committed 10496K, reserved 1048576K
GC Heap History (10 events):
Event: 22.144 GC heap before
{Heap before GC invocations=16 (full 2):
 PSYoungGen      total 157696K, used 18203K [0x00000000e0000000, 0x00000000ee000000, 0x0000000100000000)
  eden space 144896K, 3% used [0x00000000e0000000,0x00000000e054a6f0,0x00000000e8d80000)
  from space 12800K, 99% used [0x00000000e8d80000,0x00000000e99fc680,0x00000000e9a00000)
  to   space 17920K, 0% used [0x00000000ece80000,0x00000000ece80000,0x00000000ee000000)
 ParOldGen       total 68608K, used 35075K [0x00000000a0000000, 0x00000000a4300000, 0x00000000e0000000)
  object space 68608K, 51% used [0x00000000a0000000,0x00000000a2240ea8,0x00000000a4300000)
 Metaspace       used 57240K, capacity 58862K, committed 59028K, reserved 1099776K
  class space    used 7677K, capacity 8084K, committed 8192K, reserved 1048576K
Event: 22.171 GC heap after
Heap after GC invocations=16 (full 2):
 PSYoungGen      total 210944K, used 384K [0x00000000e0000000, 0x00000000efa00000, 0x0000000100000000)
  eden space 193024K, 0% used [0x00000000e0000000,0x00000000e0000000,0x00000000ebc80000)
  from space 17920K, 2% used [0x00000000ece80000,0x00000000ecee0000,0x00000000ee000000)
  to   space 18432K, 0% used [0x00000000ebc80000,0x00000000ebc80000,0x00000000ece80000)
 ParOldGen       total 68608K, used 47845K [0x00000000a0000000, 0x00000000a4300000, 0x00000000e0000000)
  object space 68608K, 69% used [0x00000000a0000000,0x00000000a2eb94d8,0x00000000a4300000)
 Metaspace       used 57240K, capacity 58862K, committed 59028K, reserved 1099776K
  class space    used 7677K, capacity 8084K, committed 8192K, reserved 1048576K
}
Event: 22.171 GC heap before
{Heap before GC invocations=17 (full 3):
 PSYoungGen      total 210944K, used 384K [0x00000000e0000000, 0x00000000efa00000, 0x0000000100000000)
  eden space 193024K, 0% used [0x00000000e0000000,0x00000000e0000000,0x00000000ebc80000)
  from space 17920K, 2% used [0x00000000ece80000,0x00000000ecee0000,0x00000000ee000000)
  to   space 18432K, 0% used [0x00000000ebc80000,0x00000000ebc80000,0x00000000ece80000)
 ParOldGen       total 68608K, used 47845K [0x00000000a0000000, 0x00000000a4300000, 0x00000000e0000000)
  object space 68608K, 69% used [0x00000000a0000000,0x00000000a2eb94d8,0x00000000a4300000)
 Metaspace       used 57240K, capacity 58862K, committed 59028K, reserved 1099776K
  class space    used 7677K, capacity 8084K, committed 8192K, reserved 1048576K
Event: 22.502 GC heap after
Heap after GC invocations=17 (full 3):
 PSYoungGen      total 210944K, used 0K [0x00000000e0000000, 0x00000000efa00000, 0x0000000100000000)
  eden space 193024K, 0% used [0x00000000e0000000,0x00000000e0000000,0x00000000ebc80000)
  from space 17920K, 0% used [0x00000000ece80000,0x00000000ece80000,0x00000000ee000000)
  to   space 18432K, 0% used [0x00000000ebc80000,0x00000000ebc80000,0x00000000ece80000)
 ParOldGen       total 105984K, used 39128K [0x00000000a0000000, 0x00000000a6780000, 0x00000000e0000000)
  object space 105984K, 36% used [0x00000000a0000000,0x00000000a26362d0,0x00000000a6780000)
 Metaspace       used 57240K, capacity 58862K, committed 59028K, reserved 1099776K
  class space    used 7677K, capacity 8084K, committed 8192K, reserved 1048576K
}
Event: 49.613 GC heap before
{Heap before GC invocations=18 (full 3):
 PSYoungGen      total 210944K, used 193024K [0x00000000e0000000, 0x00000000efa00000, 0x0000000100000000)
  eden space 193024K, 100% used [0x00000000e0000000,0x00000000ebc80000,0x00000000ebc80000)
  from space 17920K, 0% used [0x00000000ece80000,0x00000000ece80000,0x00000000ee000000)
  to   space 18432K, 0% used [0x00000000ebc80000,0x00000000ebc80000,0x00000000ece80000)
 ParOldGen       total 105984K, used 39128K [0x00000000a0000000, 0x00000000a6780000, 0x00000000e0000000)
  object space 105984K, 36% used [0x00000000a0000000,0x00000000a26362d0,0x00000000a6780000)
 Metaspace       used 61748K, capacity 63566K, committed 63832K, reserved 1103872K
  class space    used 8064K, capacity 8544K, committed 8576K, reserved 1048576K
Event: 49.629 GC heap after
Heap after GC invocations=18 (full 3):
 PSYoungGen      total 211456K, used 7959K [0x00000000e0000000, 0x00000000f3080000, 0x0000000100000000)
  eden space 193024K, 0% used [0x00000000e0000000,0x00000000e0000000,0x00000000ebc80000)
  from space 18432K, 43% used [0x00000000ebc80000,0x00000000ec445df8,0x00000000ece80000)
  to   space 17408K, 0% used [0x00000000f1f80000,0x00000000f1f80000,0x00000000f3080000)
 ParOldGen       total 105984K, used 39136K [0x00000000a0000000, 0x00000000a6780000, 0x00000000e0000000)
  object space 105984K, 36% used [0x00000000a0000000,0x00000000a26382d0,0x00000000a6780000)
 Metaspace       used 61748K, capacity 63566K, committed 63832K, reserved 1103872K
  class space    used 8064K, capacity 8544K, committed 8576K, reserved 1048576K
}
Event: 61.147 GC heap before
{Heap before GC invocations=19 (full 3):
 PSYoungGen      total 211456K, used 200983K [0x00000000e0000000, 0x00000000f3080000, 0x0000000100000000)
  eden space 193024K, 100% used [0x00000000e0000000,0x00000000ebc80000,0x00000000ebc80000)
  from space 18432K, 43% used [0x00000000ebc80000,0x00000000ec445df8,0x00000000ece80000)
  to   space 17408K, 0% used [0x00000000f1f80000,0x00000000f1f80000,0x00000000f3080000)
 ParOldGen       total 105984K, used 39136K [0x00000000a0000000, 0x00000000a6780000, 0x00000000e0000000)
  object space 105984K, 36% used [0x00000000a0000000,0x00000000a26382d0,0x00000000a6780000)
 Metaspace       used 66249K, capacity 68204K, committed 68440K, reserved 1107968K
  class space    used 8587K, capacity 9085K, committed 9088K, reserved 1048576K
Event: 61.172 GC heap after
Heap after GC invocations=19 (full 3):
 PSYoungGen      total 281600K, used 11736K [0x00000000e0000000, 0x00000000f2b00000, 0x0000000100000000)
  eden space 269824K, 0% used [0x00000000e0000000,0x00000000e0000000,0x00000000f0780000)
  from space 11776K, 99% used [0x00000000f1f80000,0x00000000f2af6138,0x00000000f2b00000)
  to   space 17920K, 0% used [0x00000000f0800000,0x00000000f0800000,0x00000000f1980000)
 ParOldGen       total 105984K, used 43384K [0x00000000a0000000, 0x00000000a6780000, 0x00000000e0000000)
  object space 105984K, 40% used [0x00000000a0000000,0x00000000a2a5e268,0x00000000a6780000)
 Metaspace       used 66249K, capacity 68204K, committed 68440K, reserved 1107968K
  class space    used 8587K, capacity 9085K, committed 9088K, reserved 1048576K
}
Event: 68.403 GC heap before
{Heap before GC invocations=20 (full 3):
 PSYoungGen      total 281600K, used 281560K [0x00000000e0000000, 0x00000000f2b00000, 0x0000000100000000)
  eden space 269824K, 100% used [0x00000000e0000000,0x00000000f0780000,0x00000000f0780000)
  from space 11776K, 99% used [0x00000000f1f80000,0x00000000f2af6138,0x00000000f2b00000)
  to   space 17920K, 0% used [0x00000000f0800000,0x00000000f0800000,0x00000000f1980000)
 ParOldGen       total 105984K, used 43384K [0x00000000a0000000, 0x00000000a6780000, 0x00000000e0000000)
  object space 105984K, 40% used [0x00000000a0000000,0x00000000a2a5e268,0x00000000a6780000)
 Metaspace       used 77118K, capacity 79642K, committed 79832K, reserved 1118208K
  class space    used 9812K, capacity 10374K, committed 10496K, reserved 1048576K
Event: 68.453 GC heap after
Heap after GC invocations=20 (full 3):
 PSYoungGen      total 288256K, used 17894K [0x00000000e0000000, 0x00000000f7800000, 0x0000000100000000)
  eden space 270336K, 0% used [0x00000000e0000000,0x00000000e0000000,0x00000000f0800000)
  from space 17920K, 99% used [0x00000000f0800000,0x00000000f1979910,0x00000000f1980000)
  to   space 24576K, 0% used [0x00000000f6000000,0x00000000f6000000,0x00000000f7800000)
 ParOldGen       total 105984K, used 54297K [0x00000000a0000000, 0x00000000a6780000, 0x00000000e0000000)
  object space 105984K, 51% used [0x00000000a0000000,0x00000000a35065b0,0x00000000a6780000)
 Metaspace       used 77118K, capacity 79642K, committed 79832K, reserved 1118208K
  class space    used 9812K, capacity 10374K, committed 10496K, reserved 1048576K
}

