# JRE version: OpenJDK Runtime Environment (8.0_152-b01) (build 1.8.0_152-release-1248-b01)
# Java VM: OpenJDK 64-Bit Server VM (25.152-b01 mixed mode windows-amd64 compressed oops)
Heap:
 PSYoungGen      total 290816K, used 261287K [0x00000000e0000000, 0x00000000f5580000, 0x0000000100000000)
  eden space 269312K, 92% used [0x00000000e0000000,0x00000000ef382478,0x00000000f0700000)
  from space 21504K, 55% used [0x00000000f0700000,0x00000000f12a7af0,0x00000000f1c00000)
  to   space 23040K, 0% used [0x00000000f1c00000,0x00000000f1c00000,0x00000000f3280000)
 ParOldGen       total 104448K, used 48749K [0x00000000a0000000, 0x00000000a6600000, 0x00000000e0000000)
  object space 104448K, 46% used [0x00000000a0000000,0x00000000a2f9b428,0x00000000a6600000)
 Metaspace       used 90909K, capacity 94540K, committed 94768K, reserved 1132544K
  class space    used 11354K, capacity 12066K, committed 12080K, reserved 1048576K
GC Heap History (10 events):
Event: 1388.001 GC heap before
{Heap before GC invocations=33 (full 4):
 PSYoungGen      total 272896K, used 257162K [0x00000000e0000000, 0x00000000f3280000, 0x0000000100000000)
  eden space 249856K, 99% used [0x00000000e0000000,0x00000000ef35d7d0,0x00000000ef400000)
  from space 23040K, 34% used [0x00000000f1c00000,0x00000000f23c5280,0x00000000f3280000)
  to   space 23040K, 0% used [0x00000000ef400000,0x00000000ef400000,0x00000000f0a80000)
 ParOldGen       total 104448K, used 47395K [0x00000000a0000000, 0x00000000a6600000, 0x00000000e0000000)
  object space 104448K, 45% used [0x00000000a0000000,0x00000000a2e48cf0,0x00000000a6600000)
 Metaspace       used 90094K, capacity 93510K, committed 93744K, reserved 1130496K
  class space    used 11323K, capacity 12014K, committed 12080K, reserved 1048576K
Event: 1388.013 GC heap after
Heap after GC invocations=33 (full 4):
 PSYoungGen      total 272896K, used 7280K [0x00000000e0000000, 0x00000000f3280000, 0x0000000100000000)
  eden space 249856K, 0% used [0x00000000e0000000,0x00000000e0000000,0x00000000ef400000)
  from space 23040K, 31% used [0x00000000ef400000,0x00000000efb1c2f8,0x00000000f0a80000)
  to   space 23040K, 0% used [0x00000000f1c00000,0x00000000f1c00000,0x00000000f3280000)
 ParOldGen       total 104448K, used 47403K [0x00000000a0000000, 0x00000000a6600000, 0x00000000e0000000)
  object space 104448K, 45% used [0x00000000a0000000,0x00000000a2e4acf0,0x00000000a6600000)
 Metaspace       used 90094K, capacity 93510K, committed 93744K, reserved 1130496K
  class space    used 11323K, capacity 12014K, committed 12080K, reserved 1048576K
}
Event: 1402.187 GC heap before
{Heap before GC invocations=34 (full 4):
 PSYoungGen      total 272896K, used 256579K [0x00000000e0000000, 0x00000000f3280000, 0x0000000100000000)
  eden space 249856K, 99% used [0x00000000e0000000,0x00000000ef374a08,0x00000000ef400000)
  from space 23040K, 31% used [0x00000000ef400000,0x00000000efb1c2f8,0x00000000f0a80000)
  to   space 23040K, 0% used [0x00000000f1c00000,0x00000000f1c00000,0x00000000f3280000)
 ParOldGen       total 104448K, used 47403K [0x00000000a0000000, 0x00000000a6600000, 0x00000000e0000000)
  object space 104448K, 45% used [0x00000000a0000000,0x00000000a2e4acf0,0x00000000a6600000)
 Metaspace       used 90334K, capacity 93800K, committed 94000K, reserved 1132544K
  class space    used 11333K, capacity 12027K, committed 12080K, reserved 1048576K
Event: 1402.201 GC heap after
Heap after GC invocations=34 (full 4):
 PSYoungGen      total 292352K, used 7212K [0x00000000e0000000, 0x00000000f5580000, 0x0000000100000000)
  eden space 269312K, 0% used [0x00000000e0000000,0x00000000e0000000,0x00000000f0700000)
  from space 23040K, 31% used [0x00000000f1c00000,0x00000000f230b2b8,0x00000000f3280000)
  to   space 21504K, 0% used [0x00000000f0700000,0x00000000f0700000,0x00000000f1c00000)
 ParOldGen       total 104448K, used 47728K [0x00000000a0000000, 0x00000000a6600000, 0x00000000e0000000)
  object space 104448K, 45% used [0x00000000a0000000,0x00000000a2e9c3d8,0x00000000a6600000)
 Metaspace       used 90334K, capacity 93800K, committed 94000K, reserved 1132544K
  class space    used 11333K, capacity 12027K, committed 12080K, reserved 1048576K
}
Event: 1402.272 GC heap before
{Heap before GC invocations=35 (full 4):
 PSYoungGen      total 292352K, used 276510K [0x00000000e0000000, 0x00000000f5580000, 0x0000000100000000)
  eden space 269312K, 99% used [0x00000000e0000000,0x00000000f06fc700,0x00000000f0700000)
  from space 23040K, 31% used [0x00000000f1c00000,0x00000000f230b2b8,0x00000000f3280000)
  to   space 21504K, 0% used [0x00000000f0700000,0x00000000f0700000,0x00000000f1c00000)
 ParOldGen       total 104448K, used 47728K [0x00000000a0000000, 0x00000000a6600000, 0x00000000e0000000)
  object space 104448K, 45% used [0x00000000a0000000,0x00000000a2e9c3d8,0x00000000a6600000)
 Metaspace       used 90334K, capacity 93800K, committed 94000K, reserved 1132544K
  class space    used 11333K, capacity 12027K, committed 12080K, reserved 1048576K
Event: 1402.290 GC heap after
Heap after GC invocations=35 (full 4):
 PSYoungGen      total 290816K, used 5416K [0x00000000e0000000, 0x00000000f5580000, 0x0000000100000000)
  eden space 269312K, 0% used [0x00000000e0000000,0x00000000e0000000,0x00000000f0700000)
  from space 21504K, 25% used [0x00000000f0700000,0x00000000f0c4a030,0x00000000f1c00000)
  to   space 23040K, 0% used [0x00000000f1c00000,0x00000000f1c00000,0x00000000f3280000)
 ParOldGen       total 104448K, used 48128K [0x00000000a0000000, 0x00000000a6600000, 0x00000000e0000000)
  object space 104448K, 46% used [0x00000000a0000000,0x00000000a2f003f8,0x00000000a6600000)
 Metaspace       used 90334K, capacity 93800K, committed 94000K, reserved 1132544K
  class space    used 11333K, capacity 12027K, committed 12080K, reserved 1048576K
}
Event: 1407.848 GC heap before
{Heap before GC invocations=36 (full 4):
 PSYoungGen      total 290816K, used 274728K [0x00000000e0000000, 0x00000000f5580000, 0x0000000100000000)
  eden space 269312K, 100% used [0x00000000e0000000,0x00000000f0700000,0x00000000f0700000)
  from space 21504K, 25% used [0x00000000f0700000,0x00000000f0c4a030,0x00000000f1c00000)
  to   space 23040K, 0% used [0x00000000f1c00000,0x00000000f1c00000,0x00000000f3280000)
 ParOldGen       total 104448K, used 48128K [0x00000000a0000000, 0x00000000a6600000, 0x00000000e0000000)
  object space 104448K, 46% used [0x00000000a0000000,0x00000000a2f003f8,0x00000000a6600000)
 Metaspace       used 90836K, capacity 94464K, committed 94512K, reserved 1132544K
  class space    used 11352K, capacity 12066K, committed 12080K, reserved 1048576K
Event: 1407.874 GC heap after
Heap after GC invocations=36 (full 4):
 PSYoungGen      total 292352K, used 14593K [0x00000000e0000000, 0x00000000f5580000, 0x0000000100000000)
  eden space 269312K, 0% used [0x00000000e0000000,0x00000000e0000000,0x00000000f0700000)
  from space 23040K, 63% used [0x00000000f1c00000,0x00000000f2a405b0,0x00000000f3280000)
  to   space 21504K, 0% used [0x00000000f0700000,0x00000000f0700000,0x00000000f1c00000)
 ParOldGen       total 104448K, used 48152K [0x00000000a0000000, 0x00000000a6600000, 0x00000000e0000000)
  object space 104448K, 46% used [0x00000000a0000000,0x00000000a2f063f8,0x00000000a6600000)
 Metaspace       used 90836K, capacity 94464K, committed 94512K, reserved 1132544K
  class space    used 11352K, capacity 12066K, committed 12080K, reserved 1048576K
}
Event: 1410.466 GC heap before
{Heap before GC invocations=37 (full 4):
 PSYoungGen      total 292352K, used 283905K [0x00000000e0000000, 0x00000000f5580000, 0x0000000100000000)
  eden space 269312K, 100% used [0x00000000e0000000,0x00000000f0700000,0x00000000f0700000)
  from space 23040K, 63% used [0x00000000f1c00000,0x00000000f2a405b0,0x00000000f3280000)
  to   space 21504K, 0% used [0x00000000f0700000,0x00000000f0700000,0x00000000f1c00000)
 ParOldGen       total 104448K, used 48152K [0x00000000a0000000, 0x00000000a6600000, 0x00000000e0000000)
  object space 104448K, 46% used [0x00000000a0000000,0x00000000a2f063f8,0x00000000a6600000)
 Metaspace       used 90869K, capacity 94468K, committed 94512K, reserved 1132544K
  class space    used 11352K, capacity 12066K, committed 12080K, reserved 1048576K
Event: 1410.485 GC heap after
Heap after GC invocations=37 (full 4):
 PSYoungGen      total 290816K, used 11934K [0x00000000e0000000, 0x00000000f5580000, 0x0000000100000000)
  eden space 269312K, 0% used [0x00000000e0000000,0x00000000e0000000,0x00000000f0700000)
  from space 21504K, 55% used [0x00000000f0700000,0x00000000f12a7af0,0x00000000f1c00000)
  to   space 23040K, 0% used [0x00000000f1c00000,0x00000000f1c00000,0x00000000f3280000)
 ParOldGen       total 104448K, used 48749K [0x00000000a0000000, 0x00000000a6600000, 0x00000000e0000000)
  object space 104448K, 46% used [0x00000000a0000000,0x00000000a2f9b428,0x00000000a6600000)
 Metaspace       used 90869K, capacity 94468K, committed 94512K, reserved 1132544K
  class space    used 11352K, capacity 12066K, committed 12080K, reserved 1048576K
}

