# JRE version: OpenJDK Runtime Environment (8.0_152-b06) (build 1.8.0_152-release-1136-b06)
# Java VM: OpenJDK 64-Bit Server VM (25.152-b06 mixed mode windows-amd64 compressed oops)
Heap:
 PSYoungGen      total 205824K, used 41259K [0x00000000e0000000, 0x00000000ee200000, 0x0000000100000000)
  eden space 191488K, 14% used [0x00000000e0000000,0x00000000e1a4d238,0x00000000ebb00000)
  from space 14336K, 99% used [0x00000000ed400000,0x00000000ee1fddb0,0x00000000ee200000)
  to   space 17408K, 0% used [0x00000000ec000000,0x00000000ec000000,0x00000000ed100000)
 ParOldGen       total 103424K, used 39773K [0x00000000a0000000, 0x00000000a6500000, 0x00000000e0000000)
  object space 103424K, 38% used [0x00000000a0000000,0x00000000a26d7790,0x00000000a6500000)
 Metaspace       used 71504K, capacity 73918K, committed 74072K, reserved 1114112K
  class space    used 9491K, capacity 10044K, committed 10112K, reserved 1048576K
GC Heap History (10 events):
Event: 12.469 GC heap before
{Heap before GC invocations=13 (full 2):
 PSYoungGen      total 126976K, used 116736K [0x00000000e0000000, 0x00000000e9180000, 0x0000000100000000)
  eden space 116736K, 100% used [0x00000000e0000000,0x00000000e7200000,0x00000000e7200000)
  from space 10240K, 0% used [0x00000000e7b80000,0x00000000e7b80000,0x00000000e8580000)
  to   space 9728K, 0% used [0x00000000e7200000,0x00000000e7200000,0x00000000e7b80000)
 ParOldGen       total 64512K, used 16066K [0x00000000a0000000, 0x00000000a3f00000, 0x00000000e0000000)
  object space 64512K, 24% used [0x00000000a0000000,0x00000000a0fb0878,0x00000000a3f00000)
 Metaspace       used 43756K, capacity 44552K, committed 44760K, reserved 1087488K
  class space    used 5790K, capacity 6074K, committed 6144K, reserved 1048576K
Event: 12.497 GC heap after
Heap after GC invocations=13 (full 2):
 PSYoungGen      total 126464K, used 9723K [0x00000000e0000000, 0x00000000eb200000, 0x0000000100000000)
  eden space 116736K, 0% used [0x00000000e0000000,0x00000000e0000000,0x00000000e7200000)
  from space 9728K, 99% used [0x00000000e7200000,0x00000000e7b7eca8,0x00000000e7b80000)
  to   space 12800K, 0% used [0x00000000ea580000,0x00000000ea580000,0x00000000eb200000)
 ParOldGen       total 64512K, used 20615K [0x00000000a0000000, 0x00000000a3f00000, 0x00000000e0000000)
  object space 64512K, 31% used [0x00000000a0000000,0x00000000a1421d90,0x00000000a3f00000)
 Metaspace       used 43756K, capacity 44552K, committed 44760K, reserved 1087488K
  class space    used 5790K, capacity 6074K, committed 6144K, reserved 1048576K
}
Event: 15.137 GC heap before
{Heap before GC invocations=14 (full 2):
 PSYoungGen      total 126464K, used 126459K [0x00000000e0000000, 0x00000000eb200000, 0x0000000100000000)
  eden space 116736K, 100% used [0x00000000e0000000,0x00000000e7200000,0x00000000e7200000)
  from space 9728K, 99% used [0x00000000e7200000,0x00000000e7b7eca8,0x00000000e7b80000)
  to   space 12800K, 0% used [0x00000000ea580000,0x00000000ea580000,0x00000000eb200000)
 ParOldGen       total 64512K, used 20615K [0x00000000a0000000, 0x00000000a3f00000, 0x00000000e0000000)
  object space 64512K, 31% used [0x00000000a0000000,0x00000000a1421d90,0x00000000a3f00000)
 Metaspace       used 53566K, capacity 55204K, committed 55256K, reserved 1097728K
  class space    used 7239K, capacity 7653K, committed 7680K, reserved 1048576K
Event: 15.185 GC heap after
Heap after GC invocations=14 (full 2):
 PSYoungGen      total 167936K, used 12107K [0x00000000e0000000, 0x00000000eb400000, 0x0000000100000000)
  eden space 155136K, 0% used [0x00000000e0000000,0x00000000e0000000,0x00000000e9780000)
  from space 12800K, 94% used [0x00000000ea580000,0x00000000eb152cc0,0x00000000eb200000)
  to   space 14336K, 0% used [0x00000000e9780000,0x00000000e9780000,0x00000000ea580000)
 ParOldGen       total 64512K, used 28583K [0x00000000a0000000, 0x00000000a3f00000, 0x00000000e0000000)
  object space 64512K, 44% used [0x00000000a0000000,0x00000000a1be9f28,0x00000000a3f00000)
 Metaspace       used 53566K, capacity 55204K, committed 55256K, reserved 1097728K
  class space    used 7239K, capacity 7653K, committed 7680K, reserved 1048576K
}
Event: 18.018 GC heap before
{Heap before GC invocations=15 (full 2):
 PSYoungGen      total 167936K, used 115029K [0x00000000e0000000, 0x00000000eb400000, 0x0000000100000000)
  eden space 155136K, 66% used [0x00000000e0000000,0x00000000e6482978,0x00000000e9780000)
  from space 12800K, 94% used [0x00000000ea580000,0x00000000eb152cc0,0x00000000eb200000)
  to   space 14336K, 0% used [0x00000000e9780000,0x00000000e9780000,0x00000000ea580000)
 ParOldGen       total 64512K, used 28583K [0x00000000a0000000, 0x00000000a3f00000, 0x00000000e0000000)
  object space 64512K, 44% used [0x00000000a0000000,0x00000000a1be9f28,0x00000000a3f00000)
 Metaspace       used 57124K, capacity 58854K, committed 59028K, reserved 1099776K
  class space    used 7744K, capacity 8192K, committed 8192K, reserved 1048576K
Event: 18.041 GC heap after
Heap after GC invocations=15 (full 2):
 PSYoungGen      total 169472K, used 9719K [0x00000000e0000000, 0x00000000ee200000, 0x0000000100000000)
  eden space 155136K, 0% used [0x00000000e0000000,0x00000000e0000000,0x00000000e9780000)
  from space 14336K, 67% used [0x00000000e9780000,0x00000000ea0fdf40,0x00000000ea580000)
  to   space 14336K, 0% used [0x00000000ed400000,0x00000000ed400000,0x00000000ee200000)
 ParOldGen       total 64512K, used 33854K [0x00000000a0000000, 0x00000000a3f00000, 0x00000000e0000000)
  object space 64512K, 52% used [0x00000000a0000000,0x00000000a210f8e8,0x00000000a3f00000)
 Metaspace       used 57124K, capacity 58854K, committed 59028K, reserved 1099776K
  class space    used 7744K, capacity 8192K, committed 8192K, reserved 1048576K
}
Event: 18.041 GC heap before
{Heap before GC invocations=16 (full 3):
 PSYoungGen      total 169472K, used 9719K [0x00000000e0000000, 0x00000000ee200000, 0x0000000100000000)
  eden space 155136K, 0% used [0x00000000e0000000,0x00000000e0000000,0x00000000e9780000)
  from space 14336K, 67% used [0x00000000e9780000,0x00000000ea0fdf40,0x00000000ea580000)
  to   space 14336K, 0% used [0x00000000ed400000,0x00000000ed400000,0x00000000ee200000)
 ParOldGen       total 64512K, used 33854K [0x00000000a0000000, 0x00000000a3f00000, 0x00000000e0000000)
  object space 64512K, 52% used [0x00000000a0000000,0x00000000a210f8e8,0x00000000a3f00000)
 Metaspace       used 57124K, capacity 58854K, committed 59028K, reserved 1099776K
  class space    used 7744K, capacity 8192K, committed 8192K, reserved 1048576K
Event: 18.324 GC heap after
Heap after GC invocations=16 (full 3):
 PSYoungGen      total 169472K, used 0K [0x00000000e0000000, 0x00000000ee200000, 0x0000000100000000)
  eden space 155136K, 0% used [0x00000000e0000000,0x00000000e0000000,0x00000000e9780000)
  from space 14336K, 0% used [0x00000000e9780000,0x00000000e9780000,0x00000000ea580000)
  to   space 14336K, 0% used [0x00000000ed400000,0x00000000ed400000,0x00000000ee200000)
 ParOldGen       total 103424K, used 36293K [0x00000000a0000000, 0x00000000a6500000, 0x00000000e0000000)
  object space 103424K, 35% used [0x00000000a0000000,0x00000000a2371520,0x00000000a6500000)
 Metaspace       used 57124K, capacity 58854K, committed 59028K, reserved 1099776K
  class space    used 7744K, capacity 8192K, committed 8192K, reserved 1048576K
}
Event: 22.696 GC heap before
{Heap before GC invocations=17 (full 3):
 PSYoungGen      total 169472K, used 155136K [0x00000000e0000000, 0x00000000ee200000, 0x0000000100000000)
  eden space 155136K, 100% used [0x00000000e0000000,0x00000000e9780000,0x00000000e9780000)
  from space 14336K, 0% used [0x00000000e9780000,0x00000000e9780000,0x00000000ea580000)
  to   space 14336K, 0% used [0x00000000ed400000,0x00000000ed400000,0x00000000ee200000)
 ParOldGen       total 103424K, used 36293K [0x00000000a0000000, 0x00000000a6500000, 0x00000000e0000000)
  object space 103424K, 35% used [0x00000000a0000000,0x00000000a2371520,0x00000000a6500000)
 Metaspace       used 70002K, capacity 72158K, committed 72280K, reserved 1112064K
  class space    used 9326K, capacity 9836K, committed 9856K, reserved 1048576K
Event: 22.722 GC heap after
Heap after GC invocations=17 (full 3):
 PSYoungGen      total 205824K, used 14327K [0x00000000e0000000, 0x00000000ee200000, 0x0000000100000000)
  eden space 191488K, 0% used [0x00000000e0000000,0x00000000e0000000,0x00000000ebb00000)
  from space 14336K, 99% used [0x00000000ed400000,0x00000000ee1fddb0,0x00000000ee200000)
  to   space 17408K, 0% used [0x00000000ec000000,0x00000000ec000000,0x00000000ed100000)
 ParOldGen       total 103424K, used 39773K [0x00000000a0000000, 0x00000000a6500000, 0x00000000e0000000)
  object space 103424K, 38% used [0x00000000a0000000,0x00000000a26d7790,0x00000000a6500000)
 Metaspace       used 70002K, capacity 72158K, committed 72280K, reserved 1112064K
  class space    used 9326K, capacity 9836K, committed 9856K, reserved 1048576K
}

