# JRE version: OpenJDK Runtime Environment (8.0_152-b06) (build 1.8.0_152-release-1136-b06)
# Java VM: OpenJDK 64-Bit Server VM (25.152-b06 mixed mode windows-amd64 compressed oops)
Heap:
 PSYoungGen      total 102912K, used 13655K [0x00000000e0000000, 0x00000000e8980000, 0x0000000100000000)
  eden space 94208K, 5% used [0x00000000e0000000,0x00000000e04d9400,0x00000000e5c00000)
  from space 8704K, 99% used [0x00000000e5c00000,0x00000000e647caa8,0x00000000e6480000)
  to   space 9728K, 0% used [0x00000000e8000000,0x00000000e8000000,0x00000000e8980000)
 ParOldGen       total 43008K, used 9880K [0x00000000a0000000, 0x00000000a2a00000, 0x00000000e0000000)
  object space 43008K, 22% used [0x00000000a0000000,0x00000000a09a6020,0x00000000a2a00000)
 Metaspace       used 30343K, capacity 30834K, committed 31152K, reserved 1075200K
  class space    used 4260K, capacity 4424K, committed 4528K, reserved 1048576K
GC Heap History (10 events):
Event: 4.964 GC heap before
{Heap before GC invocations=6 (full 0):
 PSYoungGen      total 28160K, used 28144K [0x00000000e0000000, 0x00000000e4000000, 0x0000000100000000)
  eden space 24576K, 100% used [0x00000000e0000000,0x00000000e1800000,0x00000000e1800000)
  from space 3584K, 99% used [0x00000000e1800000,0x00000000e1b7c010,0x00000000e1b80000)
  to   space 8192K, 0% used [0x00000000e3800000,0x00000000e3800000,0x00000000e4000000)
 ParOldGen       total 64512K, used 8411K [0x00000000a0000000, 0x00000000a3f00000, 0x00000000e0000000)
  object space 64512K, 13% used [0x00000000a0000000,0x00000000a0836e08,0x00000000a3f00000)
 Metaspace       used 19534K, capacity 20068K, committed 20096K, reserved 1067008K
  class space    used 2748K, capacity 2916K, committed 2944K, reserved 1048576K
Event: 4.976 GC heap after
Heap after GC invocations=6 (full 0):
 PSYoungGen      total 56832K, used 7029K [0x00000000e0000000, 0x00000000e4100000, 0x0000000100000000)
  eden space 48640K, 0% used [0x00000000e0000000,0x00000000e0000000,0x00000000e2f80000)
  from space 8192K, 85% used [0x00000000e3800000,0x00000000e3edd568,0x00000000e4000000)
  to   space 8704K, 0% used [0x00000000e2f80000,0x00000000e2f80000,0x00000000e3800000)
 ParOldGen       total 64512K, used 8419K [0x00000000a0000000, 0x00000000a3f00000, 0x00000000e0000000)
  object space 64512K, 13% used [0x00000000a0000000,0x00000000a0838e08,0x00000000a3f00000)
 Metaspace       used 19534K, capacity 20068K, committed 20096K, reserved 1067008K
  class space    used 2748K, capacity 2916K, committed 2944K, reserved 1048576K
}
Event: 5.072 GC heap before
{Heap before GC invocations=7 (full 0):
 PSYoungGen      total 56832K, used 8595K [0x00000000e0000000, 0x00000000e4100000, 0x0000000100000000)
  eden space 48640K, 3% used [0x00000000e0000000,0x00000000e01879d8,0x00000000e2f80000)
  from space 8192K, 85% used [0x00000000e3800000,0x00000000e3edd568,0x00000000e4000000)
  to   space 8704K, 0% used [0x00000000e2f80000,0x00000000e2f80000,0x00000000e3800000)
 ParOldGen       total 64512K, used 8419K [0x00000000a0000000, 0x00000000a3f00000, 0x00000000e0000000)
  object space 64512K, 13% used [0x00000000a0000000,0x00000000a0838e08,0x00000000a3f00000)
 Metaspace       used 20802K, capacity 21252K, committed 21296K, reserved 1067008K
  class space    used 2915K, capacity 3076K, committed 3120K, reserved 1048576K
Event: 5.083 GC heap after
Heap after GC invocations=7 (full 0):
 PSYoungGen      total 57344K, used 3966K [0x00000000e0000000, 0x00000000e7000000, 0x0000000100000000)
  eden space 48640K, 0% used [0x00000000e0000000,0x00000000e0000000,0x00000000e2f80000)
  from space 8704K, 45% used [0x00000000e2f80000,0x00000000e335f878,0x00000000e3800000)
  to   space 8704K, 0% used [0x00000000e6780000,0x00000000e6780000,0x00000000e7000000)
 ParOldGen       total 64512K, used 9884K [0x00000000a0000000, 0x00000000a3f00000, 0x00000000e0000000)
  object space 64512K, 15% used [0x00000000a0000000,0x00000000a09a73e0,0x00000000a3f00000)
 Metaspace       used 20802K, capacity 21252K, committed 21296K, reserved 1067008K
  class space    used 2915K, capacity 3076K, committed 3120K, reserved 1048576K
}
Event: 5.083 GC heap before
{Heap before GC invocations=8 (full 1):
 PSYoungGen      total 57344K, used 3966K [0x00000000e0000000, 0x00000000e7000000, 0x0000000100000000)
  eden space 48640K, 0% used [0x00000000e0000000,0x00000000e0000000,0x00000000e2f80000)
  from space 8704K, 45% used [0x00000000e2f80000,0x00000000e335f878,0x00000000e3800000)
  to   space 8704K, 0% used [0x00000000e6780000,0x00000000e6780000,0x00000000e7000000)
 ParOldGen       total 64512K, used 9884K [0x00000000a0000000, 0x00000000a3f00000, 0x00000000e0000000)
  object space 64512K, 15% used [0x00000000a0000000,0x00000000a09a73e0,0x00000000a3f00000)
 Metaspace       used 20802K, capacity 21252K, committed 21296K, reserved 1067008K
  class space    used 2915K, capacity 3076K, committed 3120K, reserved 1048576K
Event: 5.138 GC heap after
Heap after GC invocations=8 (full 1):
 PSYoungGen      total 57344K, used 0K [0x00000000e0000000, 0x00000000e7000000, 0x0000000100000000)
  eden space 48640K, 0% used [0x00000000e0000000,0x00000000e0000000,0x00000000e2f80000)
  from space 8704K, 0% used [0x00000000e2f80000,0x00000000e2f80000,0x00000000e3800000)
  to   space 8704K, 0% used [0x00000000e6780000,0x00000000e6780000,0x00000000e7000000)
 ParOldGen       total 43008K, used 8907K [0x00000000a0000000, 0x00000000a2a00000, 0x00000000e0000000)
  object space 43008K, 20% used [0x00000000a0000000,0x00000000a08b2fa0,0x00000000a2a00000)
 Metaspace       used 20802K, capacity 21252K, committed 21296K, reserved 1067008K
  class space    used 2915K, capacity 3076K, committed 3120K, reserved 1048576K
}
Event: 6.184 GC heap before
{Heap before GC invocations=9 (full 1):
 PSYoungGen      total 57344K, used 48640K [0x00000000e0000000, 0x00000000e7000000, 0x0000000100000000)
  eden space 48640K, 100% used [0x00000000e0000000,0x00000000e2f80000,0x00000000e2f80000)
  from space 8704K, 0% used [0x00000000e2f80000,0x00000000e2f80000,0x00000000e3800000)
  to   space 8704K, 0% used [0x00000000e6780000,0x00000000e6780000,0x00000000e7000000)
 ParOldGen       total 43008K, used 8907K [0x00000000a0000000, 0x00000000a2a00000, 0x00000000e0000000)
  object space 43008K, 20% used [0x00000000a0000000,0x00000000a08b2fa0,0x00000000a2a00000)
 Metaspace       used 25719K, capacity 26170K, committed 26288K, reserved 1071104K
  class space    used 3494K, capacity 3662K, committed 3760K, reserved 1048576K
Event: 6.196 GC heap after
Heap after GC invocations=9 (full 1):
 PSYoungGen      total 90624K, used 5371K [0x00000000e0000000, 0x00000000e6d00000, 0x0000000100000000)
  eden space 84992K, 0% used [0x00000000e0000000,0x00000000e0000000,0x00000000e5300000)
  from space 5632K, 95% used [0x00000000e6780000,0x00000000e6cbee80,0x00000000e6d00000)
  to   space 8704K, 0% used [0x00000000e5c00000,0x00000000e5c00000,0x00000000e6480000)
 ParOldGen       total 43008K, used 8915K [0x00000000a0000000, 0x00000000a2a00000, 0x00000000e0000000)
  object space 43008K, 20% used [0x00000000a0000000,0x00000000a08b4fa0,0x00000000a2a00000)
 Metaspace       used 25719K, capacity 26170K, committed 26288K, reserved 1071104K
  class space    used 3494K, capacity 3662K, committed 3760K, reserved 1048576K
}
Event: 7.818 GC heap before
{Heap before GC invocations=10 (full 1):
 PSYoungGen      total 90624K, used 90363K [0x00000000e0000000, 0x00000000e6d00000, 0x0000000100000000)
  eden space 84992K, 100% used [0x00000000e0000000,0x00000000e5300000,0x00000000e5300000)
  from space 5632K, 95% used [0x00000000e6780000,0x00000000e6cbee80,0x00000000e6d00000)
  to   space 8704K, 0% used [0x00000000e5c00000,0x00000000e5c00000,0x00000000e6480000)
 ParOldGen       total 43008K, used 8915K [0x00000000a0000000, 0x00000000a2a00000, 0x00000000e0000000)
  object space 43008K, 20% used [0x00000000a0000000,0x00000000a08b4fa0,0x00000000a2a00000)
 Metaspace       used 30238K, capacity 30770K, committed 30896K, reserved 1075200K
  class space    used 4243K, capacity 4424K, committed 4528K, reserved 1048576K
Event: 7.836 GC heap after
Heap after GC invocations=10 (full 1):
 PSYoungGen      total 102912K, used 8690K [0x00000000e0000000, 0x00000000e8980000, 0x0000000100000000)
  eden space 94208K, 0% used [0x00000000e0000000,0x00000000e0000000,0x00000000e5c00000)
  from space 8704K, 99% used [0x00000000e5c00000,0x00000000e647caa8,0x00000000e6480000)
  to   space 9728K, 0% used [0x00000000e8000000,0x00000000e8000000,0x00000000e8980000)
 ParOldGen       total 43008K, used 9880K [0x00000000a0000000, 0x00000000a2a00000, 0x00000000e0000000)
  object space 43008K, 22% used [0x00000000a0000000,0x00000000a09a6020,0x00000000a2a00000)
 Metaspace       used 30238K, capacity 30770K, committed 30896K, reserved 1075200K
  class space    used 4243K, capacity 4424K, committed 4528K, reserved 1048576K
}

