# JRE version: OpenJDK Runtime Environment (8.0_152-b01) (build 1.8.0_152-release-1248-b01)
# Java VM: OpenJDK 64-Bit Server VM (25.152-b01 mixed mode windows-amd64 compressed oops)
Heap:
 PSYoungGen      total 385024K, used 244508K [0x00000000e0000000, 0x0000000100000000, 0x0000000100000000)
  eden space 307712K, 79% used [0x00000000e0000000,0x00000000eeec7380,0x00000000f2c80000)
  from space 77312K, 0% used [0x00000000f2c80000,0x00000000f2c80000,0x00000000f7800000)
  to   space 73728K, 0% used [0x00000000fb800000,0x00000000fb800000,0x0000000100000000)
 ParOldGen       total 194560K, used 176763K [0x00000000a0000000, 0x00000000abe00000, 0x00000000e0000000)
  object space 194560K, 90% used [0x00000000a0000000,0x00000000aac9ec60,0x00000000abe00000)
 Metaspace       used 84235K, capacity 86796K, committed 87128K, reserved 1126400K
  class space    used 10518K, capacity 11098K, committed 11136K, reserved 1048576K
GC Heap History (10 events):
Event: 80.238 GC heap before
{Heap before GC invocations=24 (full 4):
 PSYoungGen      total 254464K, used 217088K [0x00000000e0000000, 0x00000000f6f00000, 0x0000000100000000)
  eden space 217088K, 100% used [0x00000000e0000000,0x00000000ed400000,0x00000000ed400000)
  from space 37376K, 0% used [0x00000000ed400000,0x00000000ed400000,0x00000000ef880000)
  to   space 51200K, 0% used [0x00000000f3d00000,0x00000000f3d00000,0x00000000f6f00000)
 ParOldGen       total 192000K, used 89304K [0x00000000a0000000, 0x00000000abb80000, 0x00000000e0000000)
  object space 192000K, 46% used [0x00000000a0000000,0x00000000a5736068,0x00000000abb80000)
 Metaspace       used 82992K, capacity 85572K, committed 85848K, reserved 1124352K
  class space    used 10458K, capacity 11038K, committed 11136K, reserved 1048576K
Event: 80.284 GC heap after
Heap after GC invocations=24 (full 4):
 PSYoungGen      total 320512K, used 11040K [0x00000000e0000000, 0x00000000f6b00000, 0x0000000100000000)
  eden space 273408K, 0% used [0x00000000e0000000,0x00000000e0000000,0x00000000f0b00000)
  from space 47104K, 23% used [0x00000000f3d00000,0x00000000f47c81e8,0x00000000f6b00000)
  to   space 49152K, 0% used [0x00000000f0b00000,0x00000000f0b00000,0x00000000f3b00000)
 ParOldGen       total 192000K, used 89312K [0x00000000a0000000, 0x00000000abb80000, 0x00000000e0000000)
  object space 192000K, 46% used [0x00000000a0000000,0x00000000a5738068,0x00000000abb80000)
 Metaspace       used 82992K, capacity 85572K, committed 85848K, reserved 1124352K
  class space    used 10458K, capacity 11038K, committed 11136K, reserved 1048576K
}
Event: 83.517 GC heap before
{Heap before GC invocations=25 (full 4):
 PSYoungGen      total 320512K, used 284448K [0x00000000e0000000, 0x00000000f6b00000, 0x0000000100000000)
  eden space 273408K, 100% used [0x00000000e0000000,0x00000000f0b00000,0x00000000f0b00000)
  from space 47104K, 23% used [0x00000000f3d00000,0x00000000f47c81e8,0x00000000f6b00000)
  to   space 49152K, 0% used [0x00000000f0b00000,0x00000000f0b00000,0x00000000f3b00000)
 ParOldGen       total 192000K, used 89312K [0x00000000a0000000, 0x00000000abb80000, 0x00000000e0000000)
  object space 192000K, 46% used [0x00000000a0000000,0x00000000a5738068,0x00000000abb80000)
 Metaspace       used 83604K, capacity 86214K, committed 86360K, reserved 1124352K
  class space    used 10484K, capacity 11053K, committed 11136K, reserved 1048576K
Event: 83.529 GC heap after
Heap after GC invocations=25 (full 4):
 PSYoungGen      total 322560K, used 11911K [0x00000000e0000000, 0x00000000fa600000, 0x0000000100000000)
  eden space 273408K, 0% used [0x00000000e0000000,0x00000000e0000000,0x00000000f0b00000)
  from space 49152K, 24% used [0x00000000f0b00000,0x00000000f16a1d28,0x00000000f3b00000)
  to   space 47104K, 0% used [0x00000000f7800000,0x00000000f7800000,0x00000000fa600000)
 ParOldGen       total 192000K, used 91707K [0x00000000a0000000, 0x00000000abb80000, 0x00000000e0000000)
  object space 192000K, 47% used [0x00000000a0000000,0x00000000a598edf8,0x00000000abb80000)
 Metaspace       used 83604K, capacity 86214K, committed 86360K, reserved 1124352K
  class space    used 10484K, capacity 11053K, committed 11136K, reserved 1048576K
}
Event: 85.380 GC heap before
{Heap before GC invocations=26 (full 4):
 PSYoungGen      total 322560K, used 285319K [0x00000000e0000000, 0x00000000fa600000, 0x0000000100000000)
  eden space 273408K, 100% used [0x00000000e0000000,0x00000000f0b00000,0x00000000f0b00000)
  from space 49152K, 24% used [0x00000000f0b00000,0x00000000f16a1d28,0x00000000f3b00000)
  to   space 47104K, 0% used [0x00000000f7800000,0x00000000f7800000,0x00000000fa600000)
 ParOldGen       total 192000K, used 91707K [0x00000000a0000000, 0x00000000abb80000, 0x00000000e0000000)
  object space 192000K, 47% used [0x00000000a0000000,0x00000000a598edf8,0x00000000abb80000)
 Metaspace       used 84176K, capacity 86860K, committed 87128K, reserved 1126400K
  class space    used 10536K, capacity 11102K, committed 11136K, reserved 1048576K
Event: 85.566 GC heap after
Heap after GC invocations=26 (full 4):
 PSYoungGen      total 354816K, used 47079K [0x00000000e0000000, 0x00000000fed00000, 0x0000000100000000)
  eden space 307712K, 0% used [0x00000000e0000000,0x00000000e0000000,0x00000000f2c80000)
  from space 47104K, 99% used [0x00000000f7800000,0x00000000fa5f9ec0,0x00000000fa600000)
  to   space 77312K, 0% used [0x00000000f2c80000,0x00000000f2c80000,0x00000000f7800000)
 ParOldGen       total 192000K, used 151177K [0x00000000a0000000, 0x00000000abb80000, 0x00000000e0000000)
  object space 192000K, 78% used [0x00000000a0000000,0x00000000a93a2598,0x00000000abb80000)
 Metaspace       used 84176K, capacity 86860K, committed 87128K, reserved 1126400K
  class space    used 10536K, capacity 11102K, committed 11136K, reserved 1048576K
}
Event: 87.793 GC heap before
{Heap before GC invocations=27 (full 4):
 PSYoungGen      total 354816K, used 354791K [0x00000000e0000000, 0x00000000fed00000, 0x0000000100000000)
  eden space 307712K, 100% used [0x00000000e0000000,0x00000000f2c80000,0x00000000f2c80000)
  from space 47104K, 99% used [0x00000000f7800000,0x00000000fa5f9ec0,0x00000000fa600000)
  to   space 77312K, 0% used [0x00000000f2c80000,0x00000000f2c80000,0x00000000f7800000)
 ParOldGen       total 192000K, used 151177K [0x00000000a0000000, 0x00000000abb80000, 0x00000000e0000000)
  object space 192000K, 78% used [0x00000000a0000000,0x00000000a93a2598,0x00000000abb80000)
 Metaspace       used 84268K, capacity 86930K, committed 87128K, reserved 1126400K
  class space    used 10537K, capacity 11103K, committed 11136K, reserved 1048576K
Event: 87.908 GC heap after
Heap after GC invocations=27 (full 4):
 PSYoungGen      total 385024K, used 31052K [0x00000000e0000000, 0x0000000100000000, 0x0000000100000000)
  eden space 307712K, 0% used [0x00000000e0000000,0x00000000e0000000,0x00000000f2c80000)
  from space 77312K, 40% used [0x00000000f2c80000,0x00000000f4ad3250,0x00000000f7800000)
  to   space 73728K, 0% used [0x00000000fb800000,0x00000000fb800000,0x0000000100000000)
 ParOldGen       total 194560K, used 193695K [0x00000000a0000000, 0x00000000abe00000, 0x00000000e0000000)
  object space 194560K, 99% used [0x00000000a0000000,0x00000000abd27d58,0x00000000abe00000)
 Metaspace       used 84268K, capacity 86930K, committed 87128K, reserved 1126400K
  class space    used 10537K, capacity 11103K, committed 11136K, reserved 1048576K
}
Event: 87.908 GC heap before
{Heap before GC invocations=28 (full 5):
 PSYoungGen      total 385024K, used 31052K [0x00000000e0000000, 0x0000000100000000, 0x0000000100000000)
  eden space 307712K, 0% used [0x00000000e0000000,0x00000000e0000000,0x00000000f2c80000)
  from space 77312K, 40% used [0x00000000f2c80000,0x00000000f4ad3250,0x00000000f7800000)
  to   space 73728K, 0% used [0x00000000fb800000,0x00000000fb800000,0x0000000100000000)
 ParOldGen       total 194560K, used 193695K [0x00000000a0000000, 0x00000000abe00000, 0x00000000e0000000)
  object space 194560K, 99% used [0x00000000a0000000,0x00000000abd27d58,0x00000000abe00000)
 Metaspace       used 84268K, capacity 86930K, committed 87128K, reserved 1126400K
  class space    used 10537K, capacity 11103K, committed 11136K, reserved 1048576K
Event: 88.888 GC heap after
Heap after GC invocations=28 (full 5):
 PSYoungGen      total 385024K, used 0K [0x00000000e0000000, 0x0000000100000000, 0x0000000100000000)
  eden space 307712K, 0% used [0x00000000e0000000,0x00000000e0000000,0x00000000f2c80000)
  from space 77312K, 0% used [0x00000000f2c80000,0x00000000f2c80000,0x00000000f7800000)
  to   space 73728K, 0% used [0x00000000fb800000,0x00000000fb800000,0x0000000100000000)
 ParOldGen       total 194560K, used 176763K [0x00000000a0000000, 0x00000000abe00000, 0x00000000e0000000)
  object space 194560K, 90% used [0x00000000a0000000,0x00000000aac9ec60,0x00000000abe00000)
 Metaspace       used 84199K, capacity 86746K, committed 87128K, reserved 1126400K
  class space    used 10513K, capacity 11061K, committed 11136K, reserved 1048576K
}

