# JRE version: OpenJDK Runtime Environment (8.0_152-b01) (build 1.8.0_152-release-1248-b01)
# Java VM: OpenJDK 64-Bit Server VM (25.152-b01 mixed mode windows-amd64 compressed oops)
Heap:
 PSYoungGen      total 294912K, used 67359K [0x00000000e0000000, 0x00000000f6700000, 0x0000000100000000)
  eden space 252416K, 22% used [0x00000000e0000000,0x00000000e36a1238,0x00000000ef680000)
  from space 42496K, 26% used [0x00000000f3d80000,0x00000000f48a69c8,0x00000000f6700000)
  to   space 44544K, 0% used [0x00000000ef680000,0x00000000ef680000,0x00000000f2200000)
 ParOldGen       total 199168K, used 86317K [0x00000000a0000000, 0x00000000ac280000, 0x00000000e0000000)
  object space 199168K, 43% used [0x00000000a0000000,0x00000000a544b4d0,0x00000000ac280000)
 Metaspace       used 80084K, capacity 83322K, committed 83504K, reserved 1122304K
  class space    used 10303K, capacity 10984K, committed 11056K, reserved 1048576K
GC Heap History (10 events):
Event: 345.924 GC heap before
{Heap before GC invocations=24 (full 4):
 PSYoungGen      total 271872K, used 232599K [0x00000000e0000000, 0x00000000f5380000, 0x0000000100000000)
  eden space 224256K, 99% used [0x00000000e0000000,0x00000000edac22b8,0x00000000edb00000)
  from space 47616K, 18% used [0x00000000edb00000,0x00000000ee363b90,0x00000000f0980000)
  to   space 46080K, 0% used [0x00000000f2680000,0x00000000f2680000,0x00000000f5380000)
 ParOldGen       total 199168K, used 78988K [0x00000000a0000000, 0x00000000ac280000, 0x00000000e0000000)
  object space 199168K, 39% used [0x00000000a0000000,0x00000000a4d23078,0x00000000ac280000)
 Metaspace       used 78923K, capacity 82026K, committed 82096K, reserved 1120256K
  class space    used 10240K, capacity 10872K, committed 10928K, reserved 1048576K
Event: 345.975 GC heap after
Heap after GC invocations=24 (full 4):
 PSYoungGen      total 292352K, used 20595K [0x00000000e0000000, 0x00000000f4d80000, 0x0000000100000000)
  eden space 252416K, 0% used [0x00000000e0000000,0x00000000e0000000,0x00000000ef680000)
  from space 39936K, 51% used [0x00000000f2680000,0x00000000f3a9ce30,0x00000000f4d80000)
  to   space 44544K, 0% used [0x00000000ef680000,0x00000000ef680000,0x00000000f2200000)
 ParOldGen       total 199168K, used 78996K [0x00000000a0000000, 0x00000000ac280000, 0x00000000e0000000)
  object space 199168K, 39% used [0x00000000a0000000,0x00000000a4d25078,0x00000000ac280000)
 Metaspace       used 78923K, capacity 82026K, committed 82096K, reserved 1120256K
  class space    used 10240K, capacity 10872K, committed 10928K, reserved 1048576K
}
Event: 347.674 GC heap before
{Heap before GC invocations=25 (full 4):
 PSYoungGen      total 292352K, used 272627K [0x00000000e0000000, 0x00000000f4d80000, 0x0000000100000000)
  eden space 252416K, 99% used [0x00000000e0000000,0x00000000ef61fee0,0x00000000ef680000)
  from space 39936K, 51% used [0x00000000f2680000,0x00000000f3a9ce30,0x00000000f4d80000)
  to   space 44544K, 0% used [0x00000000ef680000,0x00000000ef680000,0x00000000f2200000)
 ParOldGen       total 199168K, used 78996K [0x00000000a0000000, 0x00000000ac280000, 0x00000000e0000000)
  object space 199168K, 39% used [0x00000000a0000000,0x00000000a4d25078,0x00000000ac280000)
 Metaspace       used 79159K, capacity 82242K, committed 82352K, reserved 1120256K
  class space    used 10241K, capacity 10872K, committed 10928K, reserved 1048576K
Event: 347.694 GC heap after
Heap after GC invocations=25 (full 4):
 PSYoungGen      total 296960K, used 19518K [0x00000000e0000000, 0x00000000f6700000, 0x0000000100000000)
  eden space 252416K, 0% used [0x00000000e0000000,0x00000000e0000000,0x00000000ef680000)
  from space 44544K, 43% used [0x00000000ef680000,0x00000000f098f890,0x00000000f2200000)
  to   space 42496K, 0% used [0x00000000f3d80000,0x00000000f3d80000,0x00000000f6700000)
 ParOldGen       total 199168K, used 79004K [0x00000000a0000000, 0x00000000ac280000, 0x00000000e0000000)
  object space 199168K, 39% used [0x00000000a0000000,0x00000000a4d27078,0x00000000ac280000)
 Metaspace       used 79159K, capacity 82242K, committed 82352K, reserved 1120256K
  class space    used 10241K, capacity 10872K, committed 10928K, reserved 1048576K
}
Event: 347.750 GC heap before
{Heap before GC invocations=26 (full 4):
 PSYoungGen      total 296960K, used 271784K [0x00000000e0000000, 0x00000000f6700000, 0x0000000100000000)
  eden space 252416K, 99% used [0x00000000e0000000,0x00000000ef65a818,0x00000000ef680000)
  from space 44544K, 43% used [0x00000000ef680000,0x00000000f098f890,0x00000000f2200000)
  to   space 42496K, 0% used [0x00000000f3d80000,0x00000000f3d80000,0x00000000f6700000)
 ParOldGen       total 199168K, used 79004K [0x00000000a0000000, 0x00000000ac280000, 0x00000000e0000000)
  object space 199168K, 39% used [0x00000000a0000000,0x00000000a4d27078,0x00000000ac280000)
 Metaspace       used 79166K, capacity 82242K, committed 82352K, reserved 1120256K
  class space    used 10241K, capacity 10872K, committed 10928K, reserved 1048576K
Event: 347.798 GC heap after
Heap after GC invocations=26 (full 4):
 PSYoungGen      total 294912K, used 13528K [0x00000000e0000000, 0x00000000f6700000, 0x0000000100000000)
  eden space 252416K, 0% used [0x00000000e0000000,0x00000000e0000000,0x00000000ef680000)
  from space 42496K, 31% used [0x00000000f3d80000,0x00000000f4ab6320,0x00000000f6700000)
  to   space 44544K, 0% used [0x00000000ef680000,0x00000000ef680000,0x00000000f2200000)
 ParOldGen       total 199168K, used 79012K [0x00000000a0000000, 0x00000000ac280000, 0x00000000e0000000)
  object space 199168K, 39% used [0x00000000a0000000,0x00000000a4d29078,0x00000000ac280000)
 Metaspace       used 79166K, capacity 82242K, committed 82352K, reserved 1120256K
  class space    used 10241K, capacity 10872K, committed 10928K, reserved 1048576K
}
Event: 347.845 GC heap before
{Heap before GC invocations=27 (full 4):
 PSYoungGen      total 294912K, used 264927K [0x00000000e0000000, 0x00000000f6700000, 0x0000000100000000)
  eden space 252416K, 99% used [0x00000000e0000000,0x00000000ef581990,0x00000000ef680000)
  from space 42496K, 31% used [0x00000000f3d80000,0x00000000f4ab6320,0x00000000f6700000)
  to   space 44544K, 0% used [0x00000000ef680000,0x00000000ef680000,0x00000000f2200000)
 ParOldGen       total 199168K, used 79012K [0x00000000a0000000, 0x00000000ac280000, 0x00000000e0000000)
  object space 199168K, 39% used [0x00000000a0000000,0x00000000a4d29078,0x00000000ac280000)
 Metaspace       used 79166K, capacity 82242K, committed 82352K, reserved 1120256K
  class space    used 10241K, capacity 10872K, committed 10928K, reserved 1048576K
Event: 347.861 GC heap after
Heap after GC invocations=27 (full 4):
 PSYoungGen      total 296960K, used 6751K [0x00000000e0000000, 0x00000000f6700000, 0x0000000100000000)
  eden space 252416K, 0% used [0x00000000e0000000,0x00000000e0000000,0x00000000ef680000)
  from space 44544K, 15% used [0x00000000ef680000,0x00000000efd17cc8,0x00000000f2200000)
  to   space 42496K, 0% used [0x00000000f3d80000,0x00000000f3d80000,0x00000000f6700000)
 ParOldGen       total 199168K, used 85113K [0x00000000a0000000, 0x00000000ac280000, 0x00000000e0000000)
  object space 199168K, 42% used [0x00000000a0000000,0x00000000a531e490,0x00000000ac280000)
 Metaspace       used 79166K, capacity 82242K, committed 82352K, reserved 1120256K
  class space    used 10241K, capacity 10872K, committed 10928K, reserved 1048576K
}
Event: 365.820 GC heap before
{Heap before GC invocations=28 (full 4):
 PSYoungGen      total 296960K, used 259167K [0x00000000e0000000, 0x00000000f6700000, 0x0000000100000000)
  eden space 252416K, 100% used [0x00000000e0000000,0x00000000ef680000,0x00000000ef680000)
  from space 44544K, 15% used [0x00000000ef680000,0x00000000efd17cc8,0x00000000f2200000)
  to   space 42496K, 0% used [0x00000000f3d80000,0x00000000f3d80000,0x00000000f6700000)
 ParOldGen       total 199168K, used 85113K [0x00000000a0000000, 0x00000000ac280000, 0x00000000e0000000)
  object space 199168K, 42% used [0x00000000a0000000,0x00000000a531e490,0x00000000ac280000)
 Metaspace       used 80022K, capacity 83314K, committed 83504K, reserved 1122304K
  class space    used 10303K, capacity 10984K, committed 11056K, reserved 1048576K
Event: 365.874 GC heap after
Heap after GC invocations=28 (full 4):
 PSYoungGen      total 294912K, used 11418K [0x00000000e0000000, 0x00000000f6700000, 0x0000000100000000)
  eden space 252416K, 0% used [0x00000000e0000000,0x00000000e0000000,0x00000000ef680000)
  from space 42496K, 26% used [0x00000000f3d80000,0x00000000f48a69c8,0x00000000f6700000)
  to   space 44544K, 0% used [0x00000000ef680000,0x00000000ef680000,0x00000000f2200000)
 ParOldGen       total 199168K, used 86317K [0x00000000a0000000, 0x00000000ac280000, 0x00000000e0000000)
  object space 199168K, 43% used [0x00000000a0000000,0x00000000a544b4d0,0x00000000ac280000)
 Metaspace       used 80022K, capacity 83314K, committed 83504K, reserved 1122304K
  class space    used 10303K, capacity 10984K, committed 11056K, reserved 1048576K
}

