# JRE version: OpenJDK Runtime Environment (8.0_152-b01) (build 1.8.0_152-release-1248-b01)
# Java VM: OpenJDK 64-Bit Server VM (25.152-b01 mixed mode windows-amd64 compressed oops)
Heap:
 PSYoungGen      total 374784K, used 77282K [0x00000000e0000000, 0x00000000f8d00000, 0x0000000100000000)
  eden space 347136K, 17% used [0x00000000e0000000,0x00000000e39f1ab0,0x00000000f5300000)
  from space 27648K, 64% used [0x00000000f7200000,0x00000000f83870f8,0x00000000f8d00000)
  to   space 29696K, 0% used [0x00000000f5300000,0x00000000f5300000,0x00000000f7000000)
 ParOldGen       total 181248K, used 86354K [0x00000000a0000000, 0x00000000ab100000, 0x00000000e0000000)
  object space 181248K, 47% used [0x00000000a0000000,0x00000000a5454bb8,0x00000000ab100000)
 Metaspace       used 101240K, capacity 110560K, committed 110680K, reserved 1144832K
  class space    used 13153K, capacity 15699K, committed 15704K, reserved 1048576K
GC Heap History (10 events):
Event: 8062.372 GC heap before
{Heap before GC invocations=34 (full 4):
 PSYoungGen      total 357888K, used 340636K [0x00000000e0000000, 0x00000000f8a80000, 0x0000000100000000)
  eden space 324096K, 100% used [0x00000000e0000000,0x00000000f3c80000,0x00000000f3c80000)
  from space 33792K, 48% used [0x00000000f3c80000,0x00000000f4ca7078,0x00000000f5d80000)
  to   space 32768K, 0% used [0x00000000f6a80000,0x00000000f6a80000,0x00000000f8a80000)
 ParOldGen       total 181248K, used 86322K [0x00000000a0000000, 0x00000000ab100000, 0x00000000e0000000)
  object space 181248K, 47% used [0x00000000a0000000,0x00000000a544cbb8,0x00000000ab100000)
 Metaspace       used 99528K, capacity 107490K, committed 107736K, reserved 1142784K
  class space    used 12875K, capacity 14938K, committed 15064K, reserved 1048576K
Event: 8062.419 GC heap after
Heap after GC invocations=34 (full 4):
 PSYoungGen      total 363008K, used 18428K [0x00000000e0000000, 0x00000000f8580000, 0x0000000100000000)
  eden space 335360K, 0% used [0x00000000e0000000,0x00000000e0000000,0x00000000f4780000)
  from space 27648K, 66% used [0x00000000f6a80000,0x00000000f7c7f078,0x00000000f8580000)
  to   space 31744K, 0% used [0x00000000f4780000,0x00000000f4780000,0x00000000f6680000)
 ParOldGen       total 181248K, used 86322K [0x00000000a0000000, 0x00000000ab100000, 0x00000000e0000000)
  object space 181248K, 47% used [0x00000000a0000000,0x00000000a544cbb8,0x00000000ab100000)
 Metaspace       used 99528K, capacity 107490K, committed 107736K, reserved 1142784K
  class space    used 12875K, capacity 14938K, committed 15064K, reserved 1048576K
}
Event: 8178.014 GC heap before
{Heap before GC invocations=35 (full 4):
 PSYoungGen      total 363008K, used 353776K [0x00000000e0000000, 0x00000000f8580000, 0x0000000100000000)
  eden space 335360K, 99% used [0x00000000e0000000,0x00000000f477d288,0x00000000f4780000)
  from space 27648K, 66% used [0x00000000f6a80000,0x00000000f7c7f078,0x00000000f8580000)
  to   space 31744K, 0% used [0x00000000f4780000,0x00000000f4780000,0x00000000f6680000)
 ParOldGen       total 181248K, used 86322K [0x00000000a0000000, 0x00000000ab100000, 0x00000000e0000000)
  object space 181248K, 47% used [0x00000000a0000000,0x00000000a544cbb8,0x00000000ab100000)
 Metaspace       used 99902K, capacity 108118K, committed 108376K, reserved 1142784K
  class space    used 12943K, capacity 15128K, committed 15192K, reserved 1048576K
Event: 8178.052 GC heap after
Heap after GC invocations=35 (full 4):
 PSYoungGen      total 367104K, used 15852K [0x00000000e0000000, 0x00000000f8d00000, 0x0000000100000000)
  eden space 335360K, 0% used [0x00000000e0000000,0x00000000e0000000,0x00000000f4780000)
  from space 31744K, 49% used [0x00000000f4780000,0x00000000f56fb188,0x00000000f6680000)
  to   space 30720K, 0% used [0x00000000f6f00000,0x00000000f6f00000,0x00000000f8d00000)
 ParOldGen       total 181248K, used 86330K [0x00000000a0000000, 0x00000000ab100000, 0x00000000e0000000)
  object space 181248K, 47% used [0x00000000a0000000,0x00000000a544ebb8,0x00000000ab100000)
 Metaspace       used 99902K, capacity 108118K, committed 108376K, reserved 1142784K
  class space    used 12943K, capacity 15128K, committed 15192K, reserved 1048576K
}
Event: 8406.506 GC heap before
{Heap before GC invocations=36 (full 4):
 PSYoungGen      total 367104K, used 351212K [0x00000000e0000000, 0x00000000f8d00000, 0x0000000100000000)
  eden space 335360K, 100% used [0x00000000e0000000,0x00000000f4780000,0x00000000f4780000)
  from space 31744K, 49% used [0x00000000f4780000,0x00000000f56fb188,0x00000000f6680000)
  to   space 30720K, 0% used [0x00000000f6f00000,0x00000000f6f00000,0x00000000f8d00000)
 ParOldGen       total 181248K, used 86330K [0x00000000a0000000, 0x00000000ab100000, 0x00000000e0000000)
  object space 181248K, 47% used [0x00000000a0000000,0x00000000a544ebb8,0x00000000ab100000)
 Metaspace       used 100500K, capacity 109206K, committed 109400K, reserved 1142784K
  class space    used 13019K, capacity 15330K, committed 15448K, reserved 1048576K
Event: 8406.532 GC heap after
Heap after GC invocations=36 (full 4):
 PSYoungGen      total 372736K, used 21038K [0x00000000e0000000, 0x00000000f8c00000, 0x0000000100000000)
  eden space 343040K, 0% used [0x00000000e0000000,0x00000000e0000000,0x00000000f4f00000)
  from space 29696K, 70% used [0x00000000f6f00000,0x00000000f838b920,0x00000000f8c00000)
  to   space 31232K, 0% used [0x00000000f4f00000,0x00000000f4f00000,0x00000000f6d80000)
 ParOldGen       total 181248K, used 86338K [0x00000000a0000000, 0x00000000ab100000, 0x00000000e0000000)
  object space 181248K, 47% used [0x00000000a0000000,0x00000000a5450bb8,0x00000000ab100000)
 Metaspace       used 100500K, capacity 109206K, committed 109400K, reserved 1142784K
  class space    used 13019K, capacity 15330K, committed 15448K, reserved 1048576K
}
Event: 8692.711 GC heap before
{Heap before GC invocations=37 (full 4):
 PSYoungGen      total 372736K, used 364078K [0x00000000e0000000, 0x00000000f8c00000, 0x0000000100000000)
  eden space 343040K, 100% used [0x00000000e0000000,0x00000000f4f00000,0x00000000f4f00000)
  from space 29696K, 70% used [0x00000000f6f00000,0x00000000f838b920,0x00000000f8c00000)
  to   space 31232K, 0% used [0x00000000f4f00000,0x00000000f4f00000,0x00000000f6d80000)
 ParOldGen       total 181248K, used 86338K [0x00000000a0000000, 0x00000000ab100000, 0x00000000e0000000)
  object space 181248K, 47% used [0x00000000a0000000,0x00000000a5450bb8,0x00000000ab100000)
 Metaspace       used 100939K, capacity 110022K, committed 110040K, reserved 1144832K
  class space    used 13102K, capacity 15567K, committed 15576K, reserved 1048576K
Event: 8692.736 GC heap after
Heap after GC invocations=37 (full 4):
 PSYoungGen      total 374272K, used 19534K [0x00000000e0000000, 0x00000000f9000000, 0x0000000100000000)
  eden space 343040K, 0% used [0x00000000e0000000,0x00000000e0000000,0x00000000f4f00000)
  from space 31232K, 62% used [0x00000000f4f00000,0x00000000f62139a8,0x00000000f6d80000)
  to   space 30720K, 0% used [0x00000000f7200000,0x00000000f7200000,0x00000000f9000000)
 ParOldGen       total 181248K, used 86346K [0x00000000a0000000, 0x00000000ab100000, 0x00000000e0000000)
  object space 181248K, 47% used [0x00000000a0000000,0x00000000a5452bb8,0x00000000ab100000)
 Metaspace       used 100939K, capacity 110022K, committed 110040K, reserved 1144832K
  class space    used 13102K, capacity 15567K, committed 15576K, reserved 1048576K
}
Event: 8915.877 GC heap before
{Heap before GC invocations=38 (full 4):
 PSYoungGen      total 374272K, used 362574K [0x00000000e0000000, 0x00000000f9000000, 0x0000000100000000)
  eden space 343040K, 100% used [0x00000000e0000000,0x00000000f4f00000,0x00000000f4f00000)
  from space 31232K, 62% used [0x00000000f4f00000,0x00000000f62139a8,0x00000000f6d80000)
  to   space 30720K, 0% used [0x00000000f7200000,0x00000000f7200000,0x00000000f9000000)
 ParOldGen       total 181248K, used 86346K [0x00000000a0000000, 0x00000000ab100000, 0x00000000e0000000)
  object space 181248K, 47% used [0x00000000a0000000,0x00000000a5452bb8,0x00000000ab100000)
 Metaspace       used 101163K, capacity 110428K, committed 110680K, reserved 1144832K
  class space    used 13146K, capacity 15699K, committed 15704K, reserved 1048576K
Event: 8915.908 GC heap after
Heap after GC invocations=38 (full 4):
 PSYoungGen      total 374784K, used 17948K [0x00000000e0000000, 0x00000000f8d00000, 0x0000000100000000)
  eden space 347136K, 0% used [0x00000000e0000000,0x00000000e0000000,0x00000000f5300000)
  from space 27648K, 64% used [0x00000000f7200000,0x00000000f83870f8,0x00000000f8d00000)
  to   space 29696K, 0% used [0x00000000f5300000,0x00000000f5300000,0x00000000f7000000)
 ParOldGen       total 181248K, used 86354K [0x00000000a0000000, 0x00000000ab100000, 0x00000000e0000000)
  object space 181248K, 47% used [0x00000000a0000000,0x00000000a5454bb8,0x00000000ab100000)
 Metaspace       used 101163K, capacity 110428K, committed 110680K, reserved 1144832K
  class space    used 13146K, capacity 15699K, committed 15704K, reserved 1048576K
}

