# JRE version: OpenJDK Runtime Environment (8.0_152-b02) (build 1.8.0_152-release-1024-b02)
# Java VM: OpenJDK 64-Bit Server VM (25.152-b02 mixed mode windows-amd64 compressed oops)
Heap:
 PSYoungGen      total 479232K, used 324494K [0x00000000e0000000, 0x0000000100000000, 0x0000000100000000)
  eden space 434688K, 72% used [0x00000000e0000000,0x00000000f349f6c0,0x00000000fa880000)
  from space 44544K, 19% used [0x00000000fd280000,0x00000000fdac44d8,0x00000000ffe00000)
  to   space 43008K, 0% used [0x00000000fa880000,0x00000000fa880000,0x00000000fd280000)
 ParOldGen       total 138752K, used 69543K [0x00000000a0000000, 0x00000000a8780000, 0x00000000e0000000)
  object space 138752K, 50% used [0x00000000a0000000,0x00000000a43e9dd0,0x00000000a8780000)
 Metaspace       used 96326K, capacity 102706K, committed 103756K, reserved 1140736K
  class space    used 11994K, capacity 13179K, committed 13440K, reserved 1048576K
GC Heap History (10 events):
Event: 4734.487 GC heap before
{Heap before GC invocations=58 (full 4):
 PSYoungGen      total 412160K, used 377377K [0x00000000e0000000, 0x00000000ff880000, 0x0000000100000000)
  eden space 367104K, 100% used [0x00000000e0000000,0x00000000f6680000,0x00000000f6680000)
  from space 45056K, 22% used [0x00000000f6680000,0x00000000f7088400,0x00000000f9280000)
  to   space 45568K, 0% used [0x00000000fcc00000,0x00000000fcc00000,0x00000000ff880000)
 ParOldGen       total 138752K, used 60240K [0x00000000a0000000, 0x00000000a8780000, 0x00000000e0000000)
  object space 138752K, 43% used [0x00000000a0000000,0x00000000a3ad4310,0x00000000a8780000)
 Metaspace       used 95846K, capacity 102178K, committed 103500K, reserved 1138688K
  class space    used 11978K, capacity 13155K, committed 13440K, reserved 1048576K
Event: 4734.510 GC heap after
Heap after GC invocations=58 (full 4):
 PSYoungGen      total 463872K, used 6583K [0x00000000e0000000, 0x00000000ff500000, 0x0000000100000000)
  eden space 421888K, 0% used [0x00000000e0000000,0x00000000e0000000,0x00000000f9c00000)
  from space 41984K, 15% used [0x00000000fcc00000,0x00000000fd26dd18,0x00000000ff500000)
  to   space 45568K, 0% used [0x00000000f9c00000,0x00000000f9c00000,0x00000000fc880000)
 ParOldGen       total 138752K, used 68270K [0x00000000a0000000, 0x00000000a8780000, 0x00000000e0000000)
  object space 138752K, 49% used [0x00000000a0000000,0x00000000a42ab930,0x00000000a8780000)
 Metaspace       used 95846K, capacity 102178K, committed 103500K, reserved 1138688K
  class space    used 11978K, capacity 13155K, committed 13440K, reserved 1048576K
}
Event: 4737.484 GC heap before
{Heap before GC invocations=59 (full 4):
 PSYoungGen      total 463872K, used 428471K [0x00000000e0000000, 0x00000000ff500000, 0x0000000100000000)
  eden space 421888K, 100% used [0x00000000e0000000,0x00000000f9c00000,0x00000000f9c00000)
  from space 41984K, 15% used [0x00000000fcc00000,0x00000000fd26dd18,0x00000000ff500000)
  to   space 45568K, 0% used [0x00000000f9c00000,0x00000000f9c00000,0x00000000fc880000)
 ParOldGen       total 138752K, used 68270K [0x00000000a0000000, 0x00000000a8780000, 0x00000000e0000000)
  object space 138752K, 49% used [0x00000000a0000000,0x00000000a42ab930,0x00000000a8780000)
 Metaspace       used 95894K, capacity 102242K, committed 103500K, reserved 1138688K
  class space    used 11978K, capacity 13155K, committed 13440K, reserved 1048576K
Event: 4737.506 GC heap after
Heap after GC invocations=59 (full 4):
 PSYoungGen      total 467456K, used 7072K [0x00000000e0000000, 0x0000000100000000, 0x0000000100000000)
  eden space 421888K, 0% used [0x00000000e0000000,0x00000000e0000000,0x00000000f9c00000)
  from space 45568K, 15% used [0x00000000f9c00000,0x00000000fa2e82f0,0x00000000fc880000)
  to   space 45568K, 0% used [0x00000000fd380000,0x00000000fd380000,0x0000000100000000)
 ParOldGen       total 138752K, used 68862K [0x00000000a0000000, 0x00000000a8780000, 0x00000000e0000000)
  object space 138752K, 49% used [0x00000000a0000000,0x00000000a433f990,0x00000000a8780000)
 Metaspace       used 95894K, capacity 102242K, committed 103500K, reserved 1138688K
  class space    used 11978K, capacity 13155K, committed 13440K, reserved 1048576K
}
Event: 4743.371 GC heap before
{Heap before GC invocations=60 (full 4):
 PSYoungGen      total 467456K, used 428715K [0x00000000e0000000, 0x0000000100000000, 0x0000000100000000)
  eden space 421888K, 99% used [0x00000000e0000000,0x00000000f9bc2ab8,0x00000000f9c00000)
  from space 45568K, 15% used [0x00000000f9c00000,0x00000000fa2e82f0,0x00000000fc880000)
  to   space 45568K, 0% used [0x00000000fd380000,0x00000000fd380000,0x0000000100000000)
 ParOldGen       total 138752K, used 68862K [0x00000000a0000000, 0x00000000a8780000, 0x00000000e0000000)
  object space 138752K, 49% used [0x00000000a0000000,0x00000000a433f990,0x00000000a8780000)
 Metaspace       used 95988K, capacity 102388K, committed 103500K, reserved 1138688K
  class space    used 11987K, capacity 13170K, committed 13440K, reserved 1048576K
Event: 4743.377 GC heap after
Heap after GC invocations=60 (full 4):
 PSYoungGen      total 478720K, used 5204K [0x00000000e0000000, 0x0000000100000000, 0x0000000100000000)
  eden space 433152K, 0% used [0x00000000e0000000,0x00000000e0000000,0x00000000fa700000)
  from space 45568K, 11% used [0x00000000fd380000,0x00000000fd8950c8,0x0000000100000000)
  to   space 45568K, 0% used [0x00000000fa700000,0x00000000fa700000,0x00000000fd380000)
 ParOldGen       total 138752K, used 68894K [0x00000000a0000000, 0x00000000a8780000, 0x00000000e0000000)
  object space 138752K, 49% used [0x00000000a0000000,0x00000000a4347990,0x00000000a8780000)
 Metaspace       used 95988K, capacity 102388K, committed 103500K, reserved 1138688K
  class space    used 11987K, capacity 13170K, committed 13440K, reserved 1048576K
}
Event: 4917.848 GC heap before
{Heap before GC invocations=61 (full 4):
 PSYoungGen      total 478720K, used 438356K [0x00000000e0000000, 0x0000000100000000, 0x0000000100000000)
  eden space 433152K, 100% used [0x00000000e0000000,0x00000000fa700000,0x00000000fa700000)
  from space 45568K, 11% used [0x00000000fd380000,0x00000000fd8950c8,0x0000000100000000)
  to   space 45568K, 0% used [0x00000000fa700000,0x00000000fa700000,0x00000000fd380000)
 ParOldGen       total 138752K, used 68894K [0x00000000a0000000, 0x00000000a8780000, 0x00000000e0000000)
  object space 138752K, 49% used [0x00000000a0000000,0x00000000a4347990,0x00000000a8780000)
 Metaspace       used 96097K, capacity 102552K, committed 103756K, reserved 1140736K
  class space    used 11990K, capacity 13176K, committed 13440K, reserved 1048576K
Event: 4917.863 GC heap after
Heap after GC invocations=61 (full 4):
 PSYoungGen      total 440320K, used 6989K [0x00000000e0000000, 0x00000000ffe00000, 0x0000000100000000)
  eden space 433152K, 0% used [0x00000000e0000000,0x00000000e0000000,0x00000000fa700000)
  from space 7168K, 97% used [0x00000000fa700000,0x00000000fadd3420,0x00000000fae00000)
  to   space 44544K, 0% used [0x00000000fd280000,0x00000000fd280000,0x00000000ffe00000)
 ParOldGen       total 138752K, used 69246K [0x00000000a0000000, 0x00000000a8780000, 0x00000000e0000000)
  object space 138752K, 49% used [0x00000000a0000000,0x00000000a439f9d0,0x00000000a8780000)
 Metaspace       used 96097K, capacity 102552K, committed 103756K, reserved 1140736K
  class space    used 11990K, capacity 13176K, committed 13440K, reserved 1048576K
}
Event: 6128.763 GC heap before
{Heap before GC invocations=62 (full 4):
 PSYoungGen      total 440320K, used 440141K [0x00000000e0000000, 0x00000000ffe00000, 0x0000000100000000)
  eden space 433152K, 100% used [0x00000000e0000000,0x00000000fa700000,0x00000000fa700000)
  from space 7168K, 97% used [0x00000000fa700000,0x00000000fadd3420,0x00000000fae00000)
  to   space 44544K, 0% used [0x00000000fd280000,0x00000000fd280000,0x00000000ffe00000)
 ParOldGen       total 138752K, used 69246K [0x00000000a0000000, 0x00000000a8780000, 0x00000000e0000000)
  object space 138752K, 49% used [0x00000000a0000000,0x00000000a439f9d0,0x00000000a8780000)
 Metaspace       used 96273K, capacity 102702K, committed 103756K, reserved 1140736K
  class space    used 11994K, capacity 13179K, committed 13440K, reserved 1048576K
Event: 6128.782 GC heap after
Heap after GC invocations=62 (full 4):
 PSYoungGen      total 479232K, used 8465K [0x00000000e0000000, 0x0000000100000000, 0x0000000100000000)
  eden space 434688K, 0% used [0x00000000e0000000,0x00000000e0000000,0x00000000fa880000)
  from space 44544K, 19% used [0x00000000fd280000,0x00000000fdac44d8,0x00000000ffe00000)
  to   space 43008K, 0% used [0x00000000fa880000,0x00000000fa880000,0x00000000fd280000)
 ParOldGen       total 138752K, used 69543K [0x00000000a0000000, 0x00000000a8780000, 0x00000000e0000000)
  object space 138752K, 50% used [0x00000000a0000000,0x00000000a43e9dd0,0x00000000a8780000)
 Metaspace       used 96273K, capacity 102702K, committed 103756K, reserved 1140736K
  class space    used 11994K, capacity 13179K, committed 13440K, reserved 1048576K
}

